####<Aug 28, 2020 9:08:12,557 PM GMT> <Info> <Security> <1a761aaf9ceb> <> <main> <> <> <> <1598648892557> <[severity-value: 64] [partition-id: 0] [partition-name: DOMAIN] > <BEA-090905> <Disabling the CryptoJ JCE Provider self-integrity check for better startup performance. To enable this check, specify -Dweblogic.security.allowCryptoJDefaultJCEVerification=true.> 
####<Aug 28, 2020 9:08:12,797 PM GMT> <Info> <Security> <1a761aaf9ceb> <> <main> <> <> <> <1598648892797> <[severity-value: 64] [partition-id: 0] [partition-name: DOMAIN] > <BEA-090906> <Changing the default Random Number Generator in RSA CryptoJ from ECDRBG128 to HMACDRBG. To disable this change, specify -Dweblogic.security.allowCryptoJDefaultPRNG=true.> 
####<Aug 28, 2020 9:08:15,205 PM GMT> <Info> <WebLogicServer> <1a761aaf9ceb> <> <Thread-8> <> <> <> <1598648895205> <[severity-value: 64] [partition-id: 0] [partition-name: DOMAIN] > <BEA-000377> <Starting WebLogic Server with Java HotSpot(TM) 64-Bit Server VM Version 25.251-b08 from Oracle Corporation.> 
####<Aug 28, 2020 9:08:15,758 PM GMT> <Info> <RCM> <1a761aaf9ceb> <> <Thread-8> <> <> <> <1598648895758> <[severity-value: 64] [partition-id: 0] [partition-name: DOMAIN] > <BEA-2165021> <"ResourceManagement" is not enabled in this JVM. Enable "ResourceManagement" to use the WebLogic Server "Resource Consumption Management" feature. To enable "ResourceManagement", you must specify the following JVM options in the WebLogic Server instance in which the JVM runs: -XX:+UnlockCommercialFeatures -XX:+ResourceManagement.> 
####<Aug 28, 2020 9:08:17,477 PM GMT> <Info> <Management> <1a761aaf9ceb> <> <Thread-10> <> <> <> <1598648897477> <[severity-value: 64] [partition-id: 0] [partition-name: DOMAIN] > <BEA-141107> <Version: WebLogic Server 12.2.1.3.0 Thu Aug 17 13:39:49 PDT 2017 1882952> 
####<Aug 28, 2020 9:08:23,637 PM GMT> <Notice> <WebLogicServer> <1a761aaf9ceb> <> <Thread-9> <> <> <> <1598648903637> <[severity-value: 32] [partition-id: 0] [partition-name: DOMAIN] > <BEA-000365> <Server state changed to STARTING.> 
####<Aug 28, 2020 9:08:23,692 PM GMT> <Info> <WorkManager> <1a761aaf9ceb> <> <Thread-9> <> <> <> <1598648903692> <[severity-value: 64] [partition-id: 0] [partition-name: DOMAIN] > <BEA-002900> <Initializing self-tuning thread pool.> 
####<Aug 28, 2020 9:08:23,764 PM GMT> <Info> <WorkManager> <1a761aaf9ceb> <> <[STANDBY] ExecuteThread: '1' for queue: 'weblogic.kernel.Default (self-tuning)'> <> <> <> <1598648903764> <[severity-value: 64] [partition-id: 0] [partition-name: DOMAIN] > <BEA-002942> <CMM memory level becomes 0. Setting standby thread pool size to 256.> 
####<Aug 28, 2020 9:08:23,850 PM GMT> <Info> <WebLogicServer> <1a761aaf9ceb> <> <Thread-9> <> <> <> <1598648903850> <[severity-value: 64] [partition-id: 0] [partition-name: DOMAIN] > <BEA-000214> <WebLogic Server "PROD1" version:
WebLogic Server 12.2.1.3.0 Thu Aug 17 13:39:49 PDT 2017 1882952 Copyright (c) 1995,2017, Oracle and/or its affiliates. All rights reserved.> 
####<Aug 28, 2020 9:08:23,956 PM GMT> <Info> <Server> <1a761aaf9ceb> <> <Thread-7> <> <> <> <1598648903956> <[severity-value: 64] [partition-id: 0] [partition-name: DOMAIN] > <BEA-002622> <The protocol "t3" is now configured.> 
####<Aug 28, 2020 9:08:23,974 PM GMT> <Info> <Server> <1a761aaf9ceb> <> <Thread-7> <> <> <> <1598648903974> <[severity-value: 64] [partition-id: 0] [partition-name: DOMAIN] > <BEA-002622> <The protocol "t3s" is now configured.> 
####<Aug 28, 2020 9:08:23,975 PM GMT> <Info> <Server> <1a761aaf9ceb> <> <Thread-7> <> <> <> <1598648903975> <[severity-value: 64] [partition-id: 0] [partition-name: DOMAIN] > <BEA-002622> <The protocol "http" is now configured.> 
####<Aug 28, 2020 9:08:23,976 PM GMT> <Info> <Server> <1a761aaf9ceb> <> <Thread-7> <> <> <> <1598648903976> <[severity-value: 64] [partition-id: 0] [partition-name: DOMAIN] > <BEA-002622> <The protocol "https" is now configured.> 
####<Aug 28, 2020 9:08:23,977 PM GMT> <Info> <Server> <1a761aaf9ceb> <> <Thread-7> <> <> <> <1598648903977> <[severity-value: 64] [partition-id: 0] [partition-name: DOMAIN] > <BEA-002622> <The protocol "iiop" is now configured.> 
####<Aug 28, 2020 9:08:23,977 PM GMT> <Info> <Server> <1a761aaf9ceb> <> <Thread-7> <> <> <> <1598648903977> <[severity-value: 64] [partition-id: 0] [partition-name: DOMAIN] > <BEA-002622> <The protocol "iiops" is now configured.> 
####<Aug 28, 2020 9:08:23,994 PM GMT> <Info> <Server> <1a761aaf9ceb> <> <Thread-7> <> <> <> <1598648903994> <[severity-value: 64] [partition-id: 0] [partition-name: DOMAIN] > <BEA-002622> <The protocol "ldap" is now configured.> 
####<Aug 28, 2020 9:08:23,995 PM GMT> <Info> <Server> <1a761aaf9ceb> <> <Thread-7> <> <> <> <1598648903995> <[severity-value: 64] [partition-id: 0] [partition-name: DOMAIN] > <BEA-002622> <The protocol "ldaps" is now configured.> 
####<Aug 28, 2020 9:08:23,998 PM GMT> <Info> <Server> <1a761aaf9ceb> <> <Thread-7> <> <> <> <1598648903998> <[severity-value: 64] [partition-id: 0] [partition-name: DOMAIN] > <BEA-002622> <The protocol "cluster" is now configured.> 
####<Aug 28, 2020 9:08:24,009 PM GMT> <Info> <Server> <1a761aaf9ceb> <> <Thread-7> <> <> <> <1598648904009> <[severity-value: 64] [partition-id: 0] [partition-name: DOMAIN] > <BEA-002622> <The protocol "clusters" is now configured.> 
####<Aug 28, 2020 9:08:24,013 PM GMT> <Info> <Server> <1a761aaf9ceb> <> <Thread-7> <> <> <> <1598648904013> <[severity-value: 64] [partition-id: 0] [partition-name: DOMAIN] > <BEA-002622> <The protocol "snmp" is now configured.> 
####<Aug 28, 2020 9:08:24,014 PM GMT> <Info> <Server> <1a761aaf9ceb> <> <Thread-7> <> <> <> <1598648904014> <[severity-value: 64] [partition-id: 0] [partition-name: DOMAIN] > <BEA-002622> <The protocol "admin" is now configured.> 
####<Aug 28, 2020 9:08:24,014 PM GMT> <Info> <Server> <1a761aaf9ceb> <> <Thread-7> <> <> <> <1598648904014> <[severity-value: 64] [partition-id: 0] [partition-name: DOMAIN] > <BEA-002624> <The administration protocol is "t3s" and is now configured.> 
####<Aug 28, 2020 9:08:24,155 PM GMT> <Info> <RJVM> <1a761aaf9ceb> <> <Thread-7> <> <> <> <1598648904155> <[severity-value: 64] [partition-id: 0] [partition-name: DOMAIN] > <BEA-000570> <Network Configuration for Channel "PROD1"
 Listen Address		 *
 Public Address		 N/A
 Http Enabled		 true
 Tunneling Enabled	 false
 Outbound Enabled	 false
 Admin Traffic Enabled	 true ResolveDNSName Enabled	 false> 
####<Aug 28, 2020 9:08:24,156 PM GMT> <Debug> <RJVM> <1a761aaf9ceb> <> <Thread-7> <> <> <> <1598648904156> <[severity-value: 128] [partition-id: 0] [partition-name: DOMAIN] > <BEA-000571> <Network Configuration Detail for Channel "PROD1"
 Channel Weight		 50
 Accept Backlog		 300
 Login Timeout		 5000ms
 Max Message Size	 10000000
 Message Timeout	 60s
 Idle Timeout		 65s
 Tunneling Timeout	 40s
 Tunneling Ping		 45s> 
####<Aug 28, 2020 9:08:24,353 PM GMT> <Info> <Server> <1a761aaf9ceb> <> <Thread-7> <> <> <> <1598648904353> <[severity-value: 64] [partition-id: 0] [partition-name: DOMAIN] > <BEA-002609> <Channel Service initialized.> 
####<Aug 28, 2020 9:08:26,026 PM GMT> <Info> <Socket> <1a761aaf9ceb> <> <[STANDBY] ExecuteThread: '2' for queue: 'weblogic.kernel.Default (self-tuning)'> <> <> <> <1598648906026> <[severity-value: 64] [partition-id: 0] [partition-name: DOMAIN] > <BEA-000436> <Allocating 3 reader threads.> 
####<Aug 28, 2020 9:08:26,027 PM GMT> <Info> <Socket> <1a761aaf9ceb> <> <[STANDBY] ExecuteThread: '2' for queue: 'weblogic.kernel.Default (self-tuning)'> <> <> <> <1598648906027> <[severity-value: 64] [partition-id: 0] [partition-name: DOMAIN] > <BEA-000446> <Native I/O enabled.> 
####<Aug 28, 2020 9:08:26,063 PM GMT> <Info> <XML> <1a761aaf9ceb> <> <[STANDBY] ExecuteThread: '3' for queue: 'weblogic.kernel.Default (self-tuning)'> <> <> <> <1598648906063> <[severity-value: 64] [partition-id: 0] [partition-name: DOMAIN] > <BEA-130036> <Initializing XMLRegistry> 
####<Aug 28, 2020 9:08:26,238 PM GMT> <Info> <Management> <1a761aaf9ceb> <> <[STANDBY] ExecuteThread: '2' for queue: 'weblogic.kernel.Default (self-tuning)'> <> <> <> <1598648906238> <[severity-value: 64] [partition-id: 0] [partition-name: DOMAIN] > <BEA-141278> <Java entropy configuration is: System property "java.security.egd= file:/dev/./urandom"; JRE's java.security file property "securerandom.source= file:/dev/random"; Blocking Config= false; JDK version= 1.8.0_251; Operating System= Linux.> 
####<Aug 28, 2020 9:08:26,238 PM GMT> <Info> <Management> <1a761aaf9ceb> <> <[STANDBY] ExecuteThread: '2' for queue: 'weblogic.kernel.Default (self-tuning)'> <> <> <> <1598648906238> <[severity-value: 64] [partition-id: 0] [partition-name: DOMAIN] > <BEA-141280> <Detected NON-BLOCKING java entropy configuration. This setting will provide the best performance on machines with few sources of entropy, but is less secure than a blocking entropy configuration.> 
####<Aug 28, 2020 9:08:26,238 PM GMT> <Info> <Management> <1a761aaf9ceb> <> <[STANDBY] ExecuteThread: '2' for queue: 'weblogic.kernel.Default (self-tuning)'> <> <> <> <1598648906238> <[severity-value: 64] [partition-id: 0] [partition-name: DOMAIN] > <BEA-141187> <Java system properties are defined as follows: 
awt.toolkit = sun.awt.X11.XToolkit
file.encoding = UTF-8
file.encoding.pkg = sun.io
file.separator = /
java.awt.graphicsenv = sun.awt.X11GraphicsEnvironment
java.awt.printerjob = sun.print.PSPrinterJob
java.class.path = /usr/java/jdk-8/lib/tools.jar:/u01/oracle/wlserver/server/lib/weblogic.jar:/u01/oracle/wlserver/../oracle_common/modules/thirdparty/ant-contrib-1.0b3.jar:/u01/oracle/wlserver/modules/features/oracle.wls.common.nodemanager.jar:/u01/oracle/wlserver/common/derby/lib/derbyclient.jar:/u01/oracle/wlserver/common/derby/lib/derby.jar
java.class.version = 52.0
java.endorsed.dirs = /usr/java/jdk-8/jre/lib/endorsed
java.ext.dirs = /usr/java/jdk-8/jre/lib/ext:/usr/java/packages/lib/ext
java.home = /usr/java/jdk-8/jre
java.io.tmpdir = /tmp
java.library.path = ::/u01/oracle/wlserver/server/native/linux/x86_64:/u01/oracle/wlserver/server/native/linux/x86_64/oci920_8:/usr/java/packages/lib/amd64:/usr/lib64:/lib64:/lib:/usr/lib
java.naming.factory.initial = weblogic.jndi.WLInitialContextFactory
java.naming.factory.url.pkgs = weblogic.jndi.factories:weblogic.corba.j2ee.naming.url:weblogic.jndi.factories:weblogic.corba.j2ee.naming.url
java.runtime.name = Java(TM) SE Runtime Environment
java.runtime.version = 1.8.0_251-b08
java.security.egd = file:/dev/./urandom
java.security.policy = /u01/oracle/wlserver/server/lib/weblogic.policy
java.specification.name = Java Platform API Specification
java.specification.vendor = Oracle Corporation
java.specification.version = 1.8
java.system.class.loader = com.oracle.classloader.weblogic.LaunchClassLoader
java.vendor = Oracle Corporation
java.vendor.url = http://java.oracle.com/
java.vendor.url.bug = http://bugreport.sun.com/bugreport/
java.version = 1.8.0_251
java.vm.info = mixed mode
java.vm.name = Java HotSpot(TM) 64-Bit Server VM
java.vm.specification.name = Java Virtual Machine Specification
java.vm.specification.vendor = Oracle Corporation
java.vm.specification.version = 1.8
java.vm.vendor = Oracle Corporation
java.vm.version = 25.251-b08
javax.management.builder.initial = weblogic.management.jmx.mbeanserver.WLSMBeanServerBuilder
javax.net.ssl.keyStore = /u01/oracle/user_projects/domains/hsoftdev/security/identity.jks
javax.net.ssl.keyStorePassword = ********
javax.net.ssl.trustStore = /u01/oracle/user_projects/domains/hsoftdev/security/trust-oracle.jks
javax.net.ssl.trustStorePassword = ********
javax.rmi.CORBA.PortableRemoteObjectClass = weblogic.iiop.PortableRemoteObjectDelegateImpl
javax.rmi.CORBA.UtilClass = weblogic.iiop.UtilDelegateImpl
launch.use.env.classpath = true
org.omg.CORBA.ORBClass = weblogic.corba.orb.ORB
org.omg.CORBA.ORBSingletonClass = weblogic.corba.orb.ORB
os.arch = amd64
os.name = Linux
os.version = 4.18.0-193.14.2.el8_2.x86_64
path.separator = :
sun.arch.data.model = 64
sun.boot.class.path = /usr/java/jdk-8/jre/lib/resources.jar:/usr/java/jdk-8/jre/lib/rt.jar:/usr/java/jdk-8/jre/lib/sunrsasign.jar:/usr/java/jdk-8/jre/lib/jsse.jar:/usr/java/jdk-8/jre/lib/jce.jar:/usr/java/jdk-8/jre/lib/charsets.jar:/usr/java/jdk-8/jre/lib/jfr.jar:/usr/java/jdk-8/jre/classes
sun.boot.library.path = /usr/java/jdk-8/jre/lib/amd64
sun.cpu.endian = little
sun.io.unicode.encoding = UnicodeLittle
sun.java.command = weblogic.Server
sun.java.launcher = SUN_STANDARD
sun.jnu.encoding = UTF-8
sun.management.compiler = HotSpot 64-Bit Tiered Compilers
sun.os.patch.level = unknown
user.country = US
user.dir = /u01/oracle/user_projects/domains/hsoftdev
user.home = /root
user.language = en
user.name = root
user.timezone = GMT
weblogic.Name = PROD1
weblogic.StdoutDebugEnabled = false
weblogic.home = /u01/oracle/wlserver/server
weblogic.management.server = http://hsoftdev:7001
wls.home = /u01/oracle/wlserver/server
.> 
####<Aug 28, 2020 9:08:26,426 PM GMT> <Notice> <Log Management> <1a761aaf9ceb> <> <[STANDBY] ExecuteThread: '3' for queue: 'weblogic.kernel.Default (self-tuning)'> <> <> <> <1598648906426> <[severity-value: 32] [partition-id: 0] [partition-name: DOMAIN] > <BEA-170019> <The server log file weblogic.logging.FileStreamHandler instance=1835325873
Current log file=/u01/oracle/user_projects/domains/hsoftdev/servers/PROD1/logs/PROD1.log
Rotation dir=/u01/oracle/user_projects/domains/hsoftdev/servers/PROD1/logs
 is opened. All server side log events will be written to this file.> 
####<Aug 28, 2020 9:08:26,479 PM GMT> <Info> <Log Management> <1a761aaf9ceb> <> <[STANDBY] ExecuteThread: '3' for queue: 'weblogic.kernel.Default (self-tuning)'> <> <> <> <1598648906479> <[severity-value: 64] [partition-id: 0] [partition-name: DOMAIN] > <BEA-170023> <The Server Logging is initialized with Java Logging API implementation.> 
####<Aug 28, 2020 9:08:27,470 PM GMT> <Info> <Diagnostics> <1a761aaf9ceb> <PROD1> <[STANDBY] ExecuteThread: '3' for queue: 'weblogic.kernel.Default (self-tuning)'> <<WLS Kernel>> <> <> <1598648907470> <[severity-value: 64] [partition-id: 0] [partition-name: DOMAIN] > <BEA-320001> <The ServerDebug service initialized successfully.> 
####<Aug 28, 2020 9:08:27,211 PM GMT> <Info> <IIOP> <1a761aaf9ceb> <PROD1> <[ACTIVE] ExecuteThread: '0' for queue: 'weblogic.kernel.Default (self-tuning)'> <<WLS Kernel>> <> <> <1598648907211> <[severity-value: 64] [partition-id: 0] [partition-name: DOMAIN] > <BEA-002014> <IIOP subsystem enabled.> 
####<Aug 28, 2020 9:08:28,937 PM GMT> <Info> <Store> <1a761aaf9ceb> <PROD1> <[STANDBY] ExecuteThread: '3' for queue: 'weblogic.kernel.Default (self-tuning)'> <<WLS Kernel>> <> <151e5212-5b6f-4c58-a8bf-47ea83bd8f85-00000001> <1598648908937> <[severity-value: 64] [rid: 0] [partition-id: 0] [partition-name: DOMAIN] > <BEA-280008> <Opening the persistent file store "WLS_DIAGNOSTICS" for recovery: directory=/u01/oracle/user_projects/domains/hsoftdev/servers/PROD1/data/store/diagnostics requestedWritePolicy="Disabled" fileLockingEnabled=true driver="wlfileio3".> 
####<Aug 28, 2020 9:08:29,043 PM GMT> <Info> <Store> <1a761aaf9ceb> <PROD1> <[STANDBY] ExecuteThread: '3' for queue: 'weblogic.kernel.Default (self-tuning)'> <<WLS Kernel>> <> <151e5212-5b6f-4c58-a8bf-47ea83bd8f85-00000001> <1598648909043> <[severity-value: 64] [rid: 0] [partition-id: 0] [partition-name: DOMAIN] > <BEA-280009> <The persistent file store "WLS_DIAGNOSTICS" (30f5422b-5d36-441e-ab52-891e2b91f432) has been opened: blockSize=512 actualWritePolicy="Disabled(single-handle-non-direct)" explicitIOEnforced=false records=0.> 
####<Aug 28, 2020 9:08:43,730 PM GMT> <Info> <WorkManager> <1a761aaf9ceb> <PROD1> <Timer-2> <<WLS Kernel>> <> <151e5212-5b6f-4c58-a8bf-47ea83bd8f85-00000002> <1598648923730> <[severity-value: 64] [rid: 0] [partition-id: 0] [partition-name: DOMAIN] > <BEA-002959> <Self-tuning thread pool contains 4 running threads, 0 idle threads, and 4 standby threads> 
####<Aug 28, 2020 9:08:53,371 PM GMT> <Notice> <Security> <1a761aaf9ceb> <PROD1> <[STANDBY] ExecuteThread: '1' for queue: 'weblogic.kernel.Default (self-tuning)'> <<WLS Kernel>> <> <151e5212-5b6f-4c58-a8bf-47ea83bd8f85-00000003> <1598648933371> <[severity-value: 32] [rid: 0] [partition-id: 0] [partition-name: DOMAIN] > <BEA-090946> <Security pre-initializing using security realm: myrealm> 
####<Aug 28, 2020 9:08:53,951 PM GMT> <Info> <Security> <1a761aaf9ceb> <PROD1> <[STANDBY] ExecuteThread: '1' for queue: 'weblogic.kernel.Default (self-tuning)'> <<WLS Kernel>> <> <151e5212-5b6f-4c58-a8bf-47ea83bd8f85-00000003> <1598648933951> <[severity-value: 64] [rid: 0] [partition-id: 0] [partition-name: DOMAIN] > <BEA-000000> <Starting OpenJPA 1.1.1-SNAPSHOT> 
####<Aug 28, 2020 9:08:54,042 PM GMT> <Info> <Security> <1a761aaf9ceb> <PROD1> <[STANDBY] ExecuteThread: '1' for queue: 'weblogic.kernel.Default (self-tuning)'> <<WLS Kernel>> <> <151e5212-5b6f-4c58-a8bf-47ea83bd8f85-00000003> <1598648934042> <[severity-value: 64] [rid: 0] [partition-id: 0] [partition-name: DOMAIN] > <BEA-000000> <StoreServiceImpl.initJDO - StoreService is initialized with Id = ldap_dyH8bWDrFmGYlvFHGGIuQUUz7RU=> 
####<Aug 28, 2020 9:08:54,234 PM GMT> <Notice> <Security> <1a761aaf9ceb> <PROD1> <[STANDBY] ExecuteThread: '1' for queue: 'weblogic.kernel.Default (self-tuning)'> <<WLS Kernel>> <> <151e5212-5b6f-4c58-a8bf-47ea83bd8f85-00000003> <1598648934234> <[severity-value: 32] [rid: 0] [partition-id: 0] [partition-name: DOMAIN] > <BEA-090947> <Security post-initializing using security realm: myrealm> 
####<Aug 28, 2020 9:08:54,462 PM GMT> <Info> <Security> <1a761aaf9ceb> <PROD1> <[STANDBY] ExecuteThread: '1' for queue: 'weblogic.kernel.Default (self-tuning)'> <<WLS Kernel>> <> <151e5212-5b6f-4c58-a8bf-47ea83bd8f85-00000003> <1598648934462> <[severity-value: 64] [rid: 0] [partition-id: 0] [partition-name: DOMAIN] > <BEA-000000> <BootStrapServiceImpl.loadLDIFTemplate - Did not find /u01/oracle/user_projects/domains/hsoftdev/servers/PROD1/data/ldap/XACMLAuthorizermyrealmInit.initialized, will load full LDIFT.> 
####<Aug 28, 2020 9:08:54,487 PM GMT> <Info> <Security> <1a761aaf9ceb> <PROD1> <[STANDBY] ExecuteThread: '1' for queue: 'weblogic.kernel.Default (self-tuning)'> <<WLS Kernel>> <> <151e5212-5b6f-4c58-a8bf-47ea83bd8f85-00000003> <1598648934487> <[severity-value: 64] [rid: 0] [partition-id: 0] [partition-name: DOMAIN] > <BEA-090074> <Initializing Authorizer provider using LDIF template file /u01/oracle/wlserver/server/lib/XACMLAuthorizerInit.ldift.> 
####<Aug 28, 2020 9:08:55,174 PM GMT> <Info> <Security> <1a761aaf9ceb> <PROD1> <[STANDBY] ExecuteThread: '1' for queue: 'weblogic.kernel.Default (self-tuning)'> <<WLS Kernel>> <> <151e5212-5b6f-4c58-a8bf-47ea83bd8f85-00000003> <1598648935174> <[severity-value: 64] [rid: 0] [partition-id: 0] [partition-name: DOMAIN] > <BEA-090075> <The Authorizer provider has had its LDIF information loaded from: /u01/oracle/wlserver/server/lib/XACMLAuthorizerInit.ldift> 
####<Aug 28, 2020 9:09:02,940 PM GMT> <Info> <Security> <1a761aaf9ceb> <PROD1> <[STANDBY] ExecuteThread: '1' for queue: 'weblogic.kernel.Default (self-tuning)'> <<WLS Kernel>> <> <151e5212-5b6f-4c58-a8bf-47ea83bd8f85-00000003> <1598648942940> <[severity-value: 64] [rid: 0] [partition-id: 0] [partition-name: DOMAIN] > <BEA-000000> <BootStrapServiceImpl.loadLDIFTemplate - Did not find /u01/oracle/user_projects/domains/hsoftdev/servers/PROD1/data/ldap/DefaultCredentialMappermyrealmInit.initialized, will load full LDIFT.> 
####<Aug 28, 2020 9:09:02,941 PM GMT> <Info> <Security> <1a761aaf9ceb> <PROD1> <[STANDBY] ExecuteThread: '1' for queue: 'weblogic.kernel.Default (self-tuning)'> <<WLS Kernel>> <> <151e5212-5b6f-4c58-a8bf-47ea83bd8f85-00000003> <1598648942941> <[severity-value: 64] [rid: 0] [partition-id: 0] [partition-name: DOMAIN] > <BEA-090827> <LDIF template file /u01/oracle/wlserver/server/lib/DefaultCredentialMapperInit.ldift was empty. The WebLogic provider CredentialMapper has been bootstrapped but has not been initialized with any LDIF data.> 
####<Aug 28, 2020 9:09:02,967 PM GMT> <Info> <Security> <1a761aaf9ceb> <PROD1> <[STANDBY] ExecuteThread: '1' for queue: 'weblogic.kernel.Default (self-tuning)'> <<WLS Kernel>> <> <151e5212-5b6f-4c58-a8bf-47ea83bd8f85-00000003> <1598648942967> <[severity-value: 64] [rid: 0] [partition-id: 0] [partition-name: DOMAIN] > <BEA-000000> <BootStrapServiceImpl.loadLDIFTemplate - Did not find /u01/oracle/user_projects/domains/hsoftdev/servers/PROD1/data/ldap/XACMLRoleMappermyrealmInit.initialized, will load full LDIFT.> 
####<Aug 28, 2020 9:09:02,967 PM GMT> <Info> <Security> <1a761aaf9ceb> <PROD1> <[STANDBY] ExecuteThread: '1' for queue: 'weblogic.kernel.Default (self-tuning)'> <<WLS Kernel>> <> <151e5212-5b6f-4c58-a8bf-47ea83bd8f85-00000003> <1598648942967> <[severity-value: 64] [rid: 0] [partition-id: 0] [partition-name: DOMAIN] > <BEA-090074> <Initializing RoleMapper provider using LDIF template file /u01/oracle/user_projects/domains/hsoftdev/security/XACMLRoleMapperInit.ldift.> 
####<Aug 28, 2020 9:09:03,016 PM GMT> <Info> <Security> <1a761aaf9ceb> <PROD1> <[STANDBY] ExecuteThread: '1' for queue: 'weblogic.kernel.Default (self-tuning)'> <<WLS Kernel>> <> <151e5212-5b6f-4c58-a8bf-47ea83bd8f85-00000003> <1598648943016> <[severity-value: 64] [rid: 0] [partition-id: 0] [partition-name: DOMAIN] > <BEA-090075> <The RoleMapper provider has had its LDIF information loaded from: /u01/oracle/user_projects/domains/hsoftdev/security/XACMLRoleMapperInit.ldift> 
####<Aug 28, 2020 9:09:03,312 PM GMT> <Notice> <Security> <1a761aaf9ceb> <PROD1> <[STANDBY] ExecuteThread: '1' for queue: 'weblogic.kernel.Default (self-tuning)'> <<WLS Kernel>> <> <151e5212-5b6f-4c58-a8bf-47ea83bd8f85-00000003> <1598648943312> <[severity-value: 32] [rid: 0] [partition-id: 0] [partition-name: DOMAIN] > <BEA-090082> <Security initialized using administrative security realm: myrealm> 
####<Aug 28, 2020 9:09:03,398 PM GMT> <Notice> <Security> <1a761aaf9ceb> <PROD1> <[STANDBY] ExecuteThread: '1' for queue: 'weblogic.kernel.Default (self-tuning)'> <<WLS Kernel>> <> <151e5212-5b6f-4c58-a8bf-47ea83bd8f85-00000003> <1598648943398> <[severity-value: 32] [rid: 0] [partition-id: 0] [partition-name: DOMAIN] > <BEA-090083> <Storing boot identity in the file: /u01/oracle/user_projects/domains/hsoftdev/servers/PROD1/security/boot.properties.> 
####<Aug 28, 2020 9:09:03,559 PM GMT> <Info> <Connector> <1a761aaf9ceb> <PROD1> <[STANDBY] ExecuteThread: '3' for queue: 'weblogic.kernel.Default (self-tuning)'> <<WLS Kernel>> <> <151e5212-5b6f-4c58-a8bf-47ea83bd8f85-00000001> <1598648943559> <[severity-value: 64] [rid: 0] [partition-id: 0] [partition-name: DOMAIN] > <BEA-190000> <Initializing Java EE Connector Service.> 
####<Aug 28, 2020 9:09:03,567 PM GMT> <Info> <Connector> <1a761aaf9ceb> <PROD1> <[STANDBY] ExecuteThread: '3' for queue: 'weblogic.kernel.Default (self-tuning)'> <<WLS Kernel>> <> <151e5212-5b6f-4c58-a8bf-47ea83bd8f85-00000001> <1598648943567> <[severity-value: 64] [rid: 0] [partition-id: 0] [partition-name: DOMAIN] > <BEA-190001> <Java EE Connector Service initialized successfully.> 
####<Aug 28, 2020 9:09:03,612 PM GMT> <Critical> <Cluster> <1a761aaf9ceb> <PROD1> <[ACTIVE] ExecuteThread: '0' for queue: 'weblogic.kernel.Default (self-tuning)'> <<WLS Kernel>> <> <151e5212-5b6f-4c58-a8bf-47ea83bd8f85-00000004> <1598648943612> <[severity-value: 4] [rid: 0] [partition-id: 0] [partition-name: DOMAIN] > <BEA-003146> <Unicast cluster may not function correctly as the listen address of server PROD1 is not specified.> 
####<Aug 28, 2020 9:09:03,926 PM GMT> <Notice> <JMX> <1a761aaf9ceb> <PROD1> <[STANDBY] ExecuteThread: '1' for queue: 'weblogic.kernel.Default (self-tuning)'> <<WLS Kernel>> <> <151e5212-5b6f-4c58-a8bf-47ea83bd8f85-00000003> <1598648943926> <[severity-value: 32] [rid: 0] [partition-id: 0] [partition-name: DOMAIN] > <BEA-149512> <JMX Connector Server started at service:jmx:iiop://10.250.2.11:8001/jndi/weblogic.management.mbeanservers.runtime.> 
####<Aug 28, 2020 9:09:04,043 PM GMT> <Info> <messaging.interception> <1a761aaf9ceb> <PROD1> <[STANDBY] ExecuteThread: '1' for queue: 'weblogic.kernel.Default (self-tuning)'> <<WLS Kernel>> <> <151e5212-5b6f-4c58-a8bf-47ea83bd8f85-00000003> <1598648944043> <[severity-value: 64] [rid: 0] [partition-id: 0] [partition-name: DOMAIN] > <BEA-400000> <Initializing message interception service.> 
####<Aug 28, 2020 9:09:04,074 PM GMT> <Info> <Cluster> <1a761aaf9ceb> <PROD1> <[STANDBY] ExecuteThread: '3' for queue: 'weblogic.kernel.Default (self-tuning)'> <<WLS Kernel>> <> <151e5212-5b6f-4c58-a8bf-47ea83bd8f85-00000001> <1598648944074> <[severity-value: 64] [rid: 0] [partition-id: 0] [partition-name: DOMAIN] > <BEA-000187> <The Singleton Service PROD1 is now registered on this server. This server may be chosen to host this service.> 
####<Aug 28, 2020 9:09:04,633 PM GMT> <Info> <JMS> <1a761aaf9ceb> <PROD1> <[ACTIVE] ExecuteThread: '0' for queue: 'weblogic.kernel.Default (self-tuning)'> <<WLS Kernel>> <> <151e5212-5b6f-4c58-a8bf-47ea83bd8f85-00000004> <1598648944633> <[severity-value: 64] [rid: 0] [partition-id: 0] [partition-name: DOMAIN] > <BEA-040305> <JMS service is initialized and in standby mode.> 
####<Aug 28, 2020 9:09:06,342 PM GMT> <Info> <Server> <1a761aaf9ceb> <PROD1> <[STANDBY] ExecuteThread: '1' for queue: 'weblogic.kernel.Default (self-tuning)'> <<WLS Kernel>> <> <151e5212-5b6f-4c58-a8bf-47ea83bd8f85-00000003> <1598648946342> <[severity-value: 64] [rid: 0] [partition-id: 0] [partition-name: DOMAIN] > <BEA-002622> <The protocol "[admin, iiops, snmp, ldaps, cluster-broadcast-secure, iiop, t3s, ldap, cluster-broadcast, http, https, t3]" is now configured.> 
####<Aug 28, 2020 9:09:06,470 PM GMT> <Info> <JMS> <1a761aaf9ceb> <PROD1> <[ACTIVE] ExecuteThread: '0' for queue: 'weblogic.kernel.Default (self-tuning)'> <<WLS Kernel>> <> <151e5212-5b6f-4c58-a8bf-47ea83bd8f85-00000004> <1598648946470> <[severity-value: 64] [rid: 0] [partition-id: 0] [partition-name: DOMAIN] > <BEA-040090> <Deployed 8 default connection factories.> 
####<Aug 28, 2020 9:09:06,529 PM GMT> <Info> <Store> <1a761aaf9ceb> <PROD1> <[STANDBY] ExecuteThread: '3' for queue: 'weblogic.kernel.Default (self-tuning)'> <<WLS Kernel>> <> <151e5212-5b6f-4c58-a8bf-47ea83bd8f85-00000001> <1598648946529> <[severity-value: 64] [rid: 0] [partition-id: 0] [partition-name: DOMAIN] > <BEA-280008> <Opening the persistent file store "_WLS_PROD1" for recovery: directory=/u01/oracle/user_projects/domains/hsoftdev/servers/PROD1/data/store/default requestedWritePolicy="Direct-Write" fileLockingEnabled=true driver="wlfileio3".> 
####<Aug 28, 2020 9:09:06,634 PM GMT> <Info> <JMS> <1a761aaf9ceb> <PROD1> <[ACTIVE] ExecuteThread: '0' for queue: 'weblogic.kernel.Default (self-tuning)'> <<WLS Kernel>> <> <151e5212-5b6f-4c58-a8bf-47ea83bd8f85-00000004> <1598648946634> <[severity-value: 64] [rid: 0] [partition-id: 0] [partition-name: DOMAIN] > <BEA-040407> <Default connection factory "DefaultConnectionFactory" with its JNDI name "weblogic.jms.ConnectionFactory" is started.> 
####<Aug 28, 2020 9:09:06,635 PM GMT> <Info> <JMS> <1a761aaf9ceb> <PROD1> <[ACTIVE] ExecuteThread: '0' for queue: 'weblogic.kernel.Default (self-tuning)'> <<WLS Kernel>> <> <151e5212-5b6f-4c58-a8bf-47ea83bd8f85-00000004> <1598648946635> <[severity-value: 64] [rid: 0] [partition-id: 0] [partition-name: DOMAIN] > <BEA-040407> <Default connection factory "TopicConnectionFactory" with its JNDI name "javax.jms.TopicConnectionFactory" is started.> 
####<Aug 28, 2020 9:09:06,641 PM GMT> <Info> <JMS> <1a761aaf9ceb> <PROD1> <[ACTIVE] ExecuteThread: '0' for queue: 'weblogic.kernel.Default (self-tuning)'> <<WLS Kernel>> <> <151e5212-5b6f-4c58-a8bf-47ea83bd8f85-00000004> <1598648946641> <[severity-value: 64] [rid: 0] [partition-id: 0] [partition-name: DOMAIN] > <BEA-040407> <Default connection factory "DefaultXAConnectionFactory1" with its JNDI name "weblogic.jms.XAConnectionFactory1" is started.> 
####<Aug 28, 2020 9:09:06,642 PM GMT> <Info> <JMS> <1a761aaf9ceb> <PROD1> <[ACTIVE] ExecuteThread: '0' for queue: 'weblogic.kernel.Default (self-tuning)'> <<WLS Kernel>> <> <151e5212-5b6f-4c58-a8bf-47ea83bd8f85-00000004> <1598648946642> <[severity-value: 64] [rid: 0] [partition-id: 0] [partition-name: DOMAIN] > <BEA-040407> <Default connection factory "DefaultXAConnectionFactory0" with its JNDI name "weblogic.jms.XAConnectionFactory0" is started.> 
####<Aug 28, 2020 9:09:06,643 PM GMT> <Info> <JMS> <1a761aaf9ceb> <PROD1> <[ACTIVE] ExecuteThread: '0' for queue: 'weblogic.kernel.Default (self-tuning)'> <<WLS Kernel>> <> <151e5212-5b6f-4c58-a8bf-47ea83bd8f85-00000004> <1598648946643> <[severity-value: 64] [rid: 0] [partition-id: 0] [partition-name: DOMAIN] > <BEA-040407> <Default connection factory "PlatformDefaultConnectionFactory" with its JNDI name "weblogic.jms.DefaultConnectionFactory" is started.> 
####<Aug 28, 2020 9:09:06,643 PM GMT> <Info> <JMS> <1a761aaf9ceb> <PROD1> <[ACTIVE] ExecuteThread: '0' for queue: 'weblogic.kernel.Default (self-tuning)'> <<WLS Kernel>> <> <151e5212-5b6f-4c58-a8bf-47ea83bd8f85-00000004> <1598648946643> <[severity-value: 64] [rid: 0] [partition-id: 0] [partition-name: DOMAIN] > <BEA-040407> <Default connection factory "QueueConnectionFactory" with its JNDI name "javax.jms.QueueConnectionFactory" is started.> 
####<Aug 28, 2020 9:09:06,643 PM GMT> <Info> <JMS> <1a761aaf9ceb> <PROD1> <[ACTIVE] ExecuteThread: '0' for queue: 'weblogic.kernel.Default (self-tuning)'> <<WLS Kernel>> <> <151e5212-5b6f-4c58-a8bf-47ea83bd8f85-00000004> <1598648946643> <[severity-value: 64] [rid: 0] [partition-id: 0] [partition-name: DOMAIN] > <BEA-040407> <Default connection factory "MessageDrivenBeanConnectionFactory" with its JNDI name "weblogic.jms.MessageDrivenBeanConnectionFactory" is started.> 
####<Aug 28, 2020 9:09:06,644 PM GMT> <Info> <JMS> <1a761aaf9ceb> <PROD1> <[ACTIVE] ExecuteThread: '0' for queue: 'weblogic.kernel.Default (self-tuning)'> <<WLS Kernel>> <> <151e5212-5b6f-4c58-a8bf-47ea83bd8f85-00000004> <1598648946644> <[severity-value: 64] [rid: 0] [partition-id: 0] [partition-name: DOMAIN] > <BEA-040407> <Default connection factory "DefaultXAConnectionFactory" with its JNDI name "weblogic.jms.XAConnectionFactory" is started.> 
####<Aug 28, 2020 9:09:06,647 PM GMT> <Info> <JMS> <1a761aaf9ceb> <PROD1> <[ACTIVE] ExecuteThread: '0' for queue: 'weblogic.kernel.Default (self-tuning)'> <<WLS Kernel>> <> <151e5212-5b6f-4c58-a8bf-47ea83bd8f85-00000004> <1598648946647> <[severity-value: 64] [rid: 0] [partition-id: 0] [partition-name: DOMAIN] > <BEA-040407> <Default connection factory "DefaultXAConnectionFactory2" with its JNDI name "weblogic.jms.XAConnectionFactory2" is started.> 
####<Aug 28, 2020 9:09:06,659 PM GMT> <Info> <JMS> <1a761aaf9ceb> <PROD1> <[ACTIVE] ExecuteThread: '0' for queue: 'weblogic.kernel.Default (self-tuning)'> <<WLS Kernel>> <> <151e5212-5b6f-4c58-a8bf-47ea83bd8f85-00000004> <1598648946659> <[severity-value: 64] [rid: 0] [partition-id: 0] [partition-name: DOMAIN] > <BEA-040306> <JMS service is active now.> 
####<Aug 28, 2020 9:09:07,662 PM GMT> <Info> <Store> <1a761aaf9ceb> <PROD1> <[STANDBY] ExecuteThread: '3' for queue: 'weblogic.kernel.Default (self-tuning)'> <<WLS Kernel>> <> <151e5212-5b6f-4c58-a8bf-47ea83bd8f85-00000001> <1598648947662> <[severity-value: 64] [rid: 0] [partition-id: 0] [partition-name: DOMAIN] > <BEA-280009> <The persistent file store "_WLS_PROD1" (100abc95-4065-4dd8-a70b-f6c145ece2e7) has been opened: blockSize=512 actualWritePolicy="Direct-Write(read-buffered)" explicitIOEnforced=false records=0.> 
####<Aug 28, 2020 9:09:08,027 PM GMT> <Info> <JDBC> <1a761aaf9ceb> <PROD1> <[STANDBY] ExecuteThread: '3' for queue: 'weblogic.kernel.Default (self-tuning)'> <<WLS Kernel>> <> <151e5212-5b6f-4c58-a8bf-47ea83bd8f85-00000001> <1598648948027> <[severity-value: 64] [rid: 0] [partition-id: 0] [partition-name: DOMAIN] > <BEA-001135> <Initializing the JDBC service.> 
####<Aug 28, 2020 9:09:08,195 PM GMT> <Info> <JDBC> <1a761aaf9ceb> <PROD1> <[STANDBY] ExecuteThread: '3' for queue: 'weblogic.kernel.Default (self-tuning)'> <<WLS Kernel>> <> <151e5212-5b6f-4c58-a8bf-47ea83bd8f85-00000001> <1598648948195> <[severity-value: 64] [rid: 0] [partition-id: 0] [partition-name: DOMAIN] > <BEA-001137> <Initialization complete.> 
####<Aug 28, 2020 9:09:08,196 PM GMT> <Info> <JDBC> <1a761aaf9ceb> <PROD1> <[STANDBY] ExecuteThread: '3' for queue: 'weblogic.kernel.Default (self-tuning)'> <<WLS Kernel>> <> <151e5212-5b6f-4c58-a8bf-47ea83bd8f85-00000001> <1598648948196> <[severity-value: 64] [rid: 0] [partition-id: 0] [partition-name: DOMAIN] > <BEA-001138> <Resuming the JDBC service.> 
####<Aug 28, 2020 9:09:08,201 PM GMT> <Info> <JDBC> <1a761aaf9ceb> <PROD1> <[STANDBY] ExecuteThread: '3' for queue: 'weblogic.kernel.Default (self-tuning)'> <<WLS Kernel>> <> <151e5212-5b6f-4c58-a8bf-47ea83bd8f85-00000001> <1598648948201> <[severity-value: 64] [rid: 0] [partition-id: 0] [partition-name: DOMAIN] > <BEA-001140> <Resume complete.> 
####<Aug 28, 2020 9:09:08,203 PM GMT> <Info> <JDBC> <1a761aaf9ceb> <PROD1> <[ACTIVE] ExecuteThread: '4' for queue: 'weblogic.kernel.Default (self-tuning)'> <<WLS Kernel>> <> <151e5212-5b6f-4c58-a8bf-47ea83bd8f85-00000005> <1598648948203> <[severity-value: 64] [rid: 0] [partition-id: 0] [partition-name: DOMAIN] > <BEA-001589> <Setting all data source statement cache sizes to 100% of configured sizes due to memory pressure level of 0.> 
####<Aug 28, 2020 9:09:08,210 PM GMT> <Info> <HTTP> <1a761aaf9ceb> <PROD1> <[STANDBY] ExecuteThread: '2' for queue: 'weblogic.kernel.Default (self-tuning)'> <<WLS Kernel>> <> <151e5212-5b6f-4c58-a8bf-47ea83bd8f85-00000006> <1598648948210> <[severity-value: 64] [rid: 0] [partition-id: 0] [partition-name: DOMAIN] > <BEA-101128> <Initializing HTTP services.> 
####<Aug 28, 2020 9:09:08,306 PM GMT> <Info> <HTTP> <1a761aaf9ceb> <PROD1> <[STANDBY] ExecuteThread: '2' for queue: 'weblogic.kernel.Default (self-tuning)'> <<WLS Kernel>> <> <151e5212-5b6f-4c58-a8bf-47ea83bd8f85-00000006> <1598648948306> <[severity-value: 64] [rid: 0] [partition-id: 0] [partition-name: DOMAIN] > <BEA-101135> <PROD1 is the default Web server.> 
####<Aug 28, 2020 9:09:08,307 PM GMT> <Info> <HTTP> <1a761aaf9ceb> <PROD1> <[STANDBY] ExecuteThread: '2' for queue: 'weblogic.kernel.Default (self-tuning)'> <<WLS Kernel>> <> <151e5212-5b6f-4c58-a8bf-47ea83bd8f85-00000006> <1598648948307> <[severity-value: 64] [rid: 0] [partition-id: 0] [partition-name: DOMAIN] > <BEA-101052> <[HttpServer (defaultWebserver) name: PROD1] Initialized> 
####<Aug 28, 2020 9:09:08,348 PM GMT> <Info> <HTTP> <1a761aaf9ceb> <PROD1> <[STANDBY] ExecuteThread: '2' for queue: 'weblogic.kernel.Default (self-tuning)'> <<WLS Kernel>> <> <151e5212-5b6f-4c58-a8bf-47ea83bd8f85-00000006> <1598648948348> <[severity-value: 64] [rid: 0] [partition-id: 0] [partition-name: DOMAIN] > <BEA-101129> <Initializing the Web application container.> 
####<Aug 28, 2020 9:09:10,254 PM GMT> <Info> <CONCURRENCY> <1a761aaf9ceb> <PROD1> <[STANDBY] ExecuteThread: '3' for queue: 'weblogic.kernel.Default (self-tuning)'> <<WLS Kernel>> <> <151e5212-5b6f-4c58-a8bf-47ea83bd8f85-00000001> <1598648950254> <[severity-value: 64] [rid: 0] [partition-id: 0] [partition-name: DOMAIN] > <BEA-2162601> <Creating ContextService "DefaultContextService" (partition="DOMAIN", module="null", application="bea_wls_internal")> 
####<Aug 28, 2020 9:09:10,273 PM GMT> <Info> <CONCURRENCY> <1a761aaf9ceb> <PROD1> <[STANDBY] ExecuteThread: '3' for queue: 'weblogic.kernel.Default (self-tuning)'> <<WLS Kernel>> <> <151e5212-5b6f-4c58-a8bf-47ea83bd8f85-00000001> <1598648950273> <[severity-value: 64] [rid: 0] [partition-id: 0] [partition-name: DOMAIN] > <BEA-2162600> <Creating ManagedThreadFactory "DefaultManagedThreadFactory" (partition="DOMAIN", module="null", application="bea_wls_internal")> 
####<Aug 28, 2020 9:09:10,284 PM GMT> <Info> <CONCURRENCY> <1a761aaf9ceb> <PROD1> <[STANDBY] ExecuteThread: '3' for queue: 'weblogic.kernel.Default (self-tuning)'> <<WLS Kernel>> <> <151e5212-5b6f-4c58-a8bf-47ea83bd8f85-00000001> <1598648950284> <[severity-value: 64] [rid: 0] [partition-id: 0] [partition-name: DOMAIN] > <BEA-2162610> <Creating ManagedExecutorService "DefaultManagedExecutorService" (partition="DOMAIN", module="null", application="bea_wls_internal", workmanager="default")> 
####<Aug 28, 2020 9:09:10,289 PM GMT> <Info> <CONCURRENCY> <1a761aaf9ceb> <PROD1> <[STANDBY] ExecuteThread: '3' for queue: 'weblogic.kernel.Default (self-tuning)'> <<WLS Kernel>> <> <151e5212-5b6f-4c58-a8bf-47ea83bd8f85-00000001> <1598648950289> <[severity-value: 64] [rid: 0] [partition-id: 0] [partition-name: DOMAIN] > <BEA-2162611> <Creating ManagedScheduledExecutorService "DefaultManagedScheduledExecutorService" (partition="DOMAIN", module="null", application="bea_wls_internal", workmanager="default")> 
####<Aug 28, 2020 9:09:10,749 PM GMT> <Info> <org.hibernate.validator.internal.util.Version> <1a761aaf9ceb> <PROD1> <[STANDBY] ExecuteThread: '3' for queue: 'weblogic.kernel.Default (self-tuning)'> <<WLS Kernel>> <> <151e5212-5b6f-4c58-a8bf-47ea83bd8f85-00000001> <1598648950749> <[severity-value: 64] [rid: 0] [partition-id: 0] [partition-name: DOMAIN] > <BEA-000000> <HV000001: Hibernate Validator 5.1.3.Final> 
####<Aug 28, 2020 9:09:11,438 PM GMT> <Notice> <WebLogicServer> <1a761aaf9ceb> <PROD1> <[STANDBY] ExecuteThread: '3' for queue: 'weblogic.kernel.Default (self-tuning)'> <<WLS Kernel>> <> <151e5212-5b6f-4c58-a8bf-47ea83bd8f85-00000001> <1598648951438> <[severity-value: 32] [rid: 0] [partition-id: 0] [partition-name: DOMAIN] > <BEA-000365> <Server state changed to STANDBY.> 
####<Aug 28, 2020 9:09:11,439 PM GMT> <Notice> <WebLogicServer> <1a761aaf9ceb> <PROD1> <[STANDBY] ExecuteThread: '3' for queue: 'weblogic.kernel.Default (self-tuning)'> <<WLS Kernel>> <> <151e5212-5b6f-4c58-a8bf-47ea83bd8f85-00000001> <1598648951439> <[severity-value: 32] [rid: 0] [partition-id: 0] [partition-name: DOMAIN] > <BEA-000365> <Server state changed to STARTING.> 
####<Aug 28, 2020 9:09:11,651 PM GMT> <Notice> <Log Management> <1a761aaf9ceb> <PROD1> <[STANDBY] ExecuteThread: '5' for queue: 'weblogic.kernel.Default (self-tuning)'> <<WLS Kernel>> <> <151e5212-5b6f-4c58-a8bf-47ea83bd8f85-00000007> <1598648951651> <[severity-value: 32] [rid: 0] [partition-id: 0] [partition-name: DOMAIN] > <BEA-170036> <The Logging monitoring service timer has started to check for logged message counts every 30 seconds.> 
####<Aug 28, 2020 9:09:11,659 PM GMT> <Info> <Log Management> <1a761aaf9ceb> <PROD1> <[STANDBY] ExecuteThread: '3' for queue: 'weblogic.kernel.Default (self-tuning)'> <<WLS Kernel>> <> <151e5212-5b6f-4c58-a8bf-47ea83bd8f85-00000008> <1598648951659> <[severity-value: 64] [rid: 0] [partition-id: 0] [partition-name: DOMAIN] > <BEA-170031> <The Server Logging bridge has initialized successfully.> 
####<Aug 28, 2020 9:09:11,672 PM GMT> <Info> <SAFService> <1a761aaf9ceb> <PROD1> <[STANDBY] ExecuteThread: '3' for queue: 'weblogic.kernel.Default (self-tuning)'> <<WLS Kernel>> <> <151e5212-5b6f-4c58-a8bf-47ea83bd8f85-00000008> <1598648951672> <[severity-value: 64] [rid: 0] [partition-id: 0] [partition-name: DOMAIN] > <BEA-281003> <The SAF service has been initialized.> 
####<Aug 28, 2020 9:09:11,673 PM GMT> <Info> <SAFService> <1a761aaf9ceb> <PROD1> <[STANDBY] ExecuteThread: '3' for queue: 'weblogic.kernel.Default (self-tuning)'> <<WLS Kernel>> <> <151e5212-5b6f-4c58-a8bf-47ea83bd8f85-00000008> <1598648951673> <[severity-value: 64] [rid: 0] [partition-id: 0] [partition-name: DOMAIN] > <BEA-281002> <The SAF service has been started.> 
####<Aug 28, 2020 9:09:11,782 PM GMT> <Info> <Deployer> <1a761aaf9ceb> <PROD1> <[ACTIVE] ExecuteThread: '0' for queue: 'weblogic.kernel.Default (self-tuning)'> <<WLS Kernel>> <> <151e5212-5b6f-4c58-a8bf-47ea83bd8f85-00000009> <1598648951782> <[severity-value: 64] [rid: 0] [partition-id: 0] [partition-name: DOMAIN] > <BEA-149209> <The Slave Deployer is resuming.> 
####<Aug 28, 2020 9:09:12,513 PM GMT> <Info> <CONCURRENCY> <1a761aaf9ceb> <PROD1> <[STANDBY] ExecuteThread: '2' for queue: 'weblogic.kernel.Default (self-tuning)'> <<WLS Kernel>> <> <151e5212-5b6f-4c58-a8bf-47ea83bd8f85-0000000a> <1598648952513> <[severity-value: 64] [rid: 0] [partition-id: 0] [partition-name: DOMAIN] > <BEA-2162601> <Creating ContextService "DefaultContextService" (partition="DOMAIN", module="null", application="bea_wls_cluster_internal")> 
####<Aug 28, 2020 9:09:12,516 PM GMT> <Info> <CONCURRENCY> <1a761aaf9ceb> <PROD1> <[STANDBY] ExecuteThread: '2' for queue: 'weblogic.kernel.Default (self-tuning)'> <<WLS Kernel>> <> <151e5212-5b6f-4c58-a8bf-47ea83bd8f85-0000000a> <1598648952516> <[severity-value: 64] [rid: 0] [partition-id: 0] [partition-name: DOMAIN] > <BEA-2162600> <Creating ManagedThreadFactory "DefaultManagedThreadFactory" (partition="DOMAIN", module="null", application="bea_wls_cluster_internal")> 
####<Aug 28, 2020 9:09:12,520 PM GMT> <Info> <CONCURRENCY> <1a761aaf9ceb> <PROD1> <[STANDBY] ExecuteThread: '2' for queue: 'weblogic.kernel.Default (self-tuning)'> <<WLS Kernel>> <> <151e5212-5b6f-4c58-a8bf-47ea83bd8f85-0000000a> <1598648952520> <[severity-value: 64] [rid: 0] [partition-id: 0] [partition-name: DOMAIN] > <BEA-2162610> <Creating ManagedExecutorService "DefaultManagedExecutorService" (partition="DOMAIN", module="null", application="bea_wls_cluster_internal", workmanager="default")> 
####<Aug 28, 2020 9:09:12,520 PM GMT> <Info> <CONCURRENCY> <1a761aaf9ceb> <PROD1> <[STANDBY] ExecuteThread: '2' for queue: 'weblogic.kernel.Default (self-tuning)'> <<WLS Kernel>> <> <151e5212-5b6f-4c58-a8bf-47ea83bd8f85-0000000a> <1598648952520> <[severity-value: 64] [rid: 0] [partition-id: 0] [partition-name: DOMAIN] > <BEA-2162611> <Creating ManagedScheduledExecutorService "DefaultManagedScheduledExecutorService" (partition="DOMAIN", module="null", application="bea_wls_cluster_internal", workmanager="default")> 
####<Aug 28, 2020 9:09:12,716 PM GMT> <Info> <CONCURRENCY> <1a761aaf9ceb> <PROD1> <[ACTIVE] ExecuteThread: '0' for queue: 'weblogic.kernel.Default (self-tuning)'> <<WLS Kernel>> <> <151e5212-5b6f-4c58-a8bf-47ea83bd8f85-00000009> <1598648952716> <[severity-value: 64] [rid: 0] [partition-id: 0] [partition-name: DOMAIN] > <BEA-2162601> <Creating ContextService "DefaultContextService" (partition="DOMAIN", module="null", application="CAPESDS01")> 
####<Aug 28, 2020 9:09:12,717 PM GMT> <Info> <CONCURRENCY> <1a761aaf9ceb> <PROD1> <[ACTIVE] ExecuteThread: '0' for queue: 'weblogic.kernel.Default (self-tuning)'> <<WLS Kernel>> <> <151e5212-5b6f-4c58-a8bf-47ea83bd8f85-00000009> <1598648952717> <[severity-value: 64] [rid: 0] [partition-id: 0] [partition-name: DOMAIN] > <BEA-2162600> <Creating ManagedThreadFactory "DefaultManagedThreadFactory" (partition="DOMAIN", module="null", application="CAPESDS01")> 
####<Aug 28, 2020 9:09:12,717 PM GMT> <Info> <CONCURRENCY> <1a761aaf9ceb> <PROD1> <[ACTIVE] ExecuteThread: '0' for queue: 'weblogic.kernel.Default (self-tuning)'> <<WLS Kernel>> <> <151e5212-5b6f-4c58-a8bf-47ea83bd8f85-00000009> <1598648952717> <[severity-value: 64] [rid: 0] [partition-id: 0] [partition-name: DOMAIN] > <BEA-2162610> <Creating ManagedExecutorService "DefaultManagedExecutorService" (partition="DOMAIN", module="null", application="CAPESDS01", workmanager="default")> 
####<Aug 28, 2020 9:09:12,717 PM GMT> <Info> <CONCURRENCY> <1a761aaf9ceb> <PROD1> <[ACTIVE] ExecuteThread: '0' for queue: 'weblogic.kernel.Default (self-tuning)'> <<WLS Kernel>> <> <151e5212-5b6f-4c58-a8bf-47ea83bd8f85-00000009> <1598648952717> <[severity-value: 64] [rid: 0] [partition-id: 0] [partition-name: DOMAIN] > <BEA-2162611> <Creating ManagedScheduledExecutorService "DefaultManagedScheduledExecutorService" (partition="DOMAIN", module="null", application="CAPESDS01", workmanager="default")> 
####<Aug 28, 2020 9:09:12,723 PM GMT> <Info> <JDBC> <1a761aaf9ceb> <PROD1> <[ACTIVE] ExecuteThread: '0' for queue: 'weblogic.kernel.Default (self-tuning)'> <<WLS Kernel>> <> <151e5212-5b6f-4c58-a8bf-47ea83bd8f85-00000009> <1598648952723> <[severity-value: 64] [rid: 0] [partition-id: 0] [partition-name: DOMAIN] > <BEA-001177> <Creating data source connection pool named CAPESDS01, URL = xxxxxx, Properties = xxxxxx.> 
####<Aug 28, 2020 9:09:14,445 PM GMT> <Info> <Common> <1a761aaf9ceb> <PROD1> <[ACTIVE] ExecuteThread: '0' for queue: 'weblogic.kernel.Default (self-tuning)'> <<WLS Kernel>> <> <151e5212-5b6f-4c58-a8bf-47ea83bd8f85-00000009> <1598648954445> <[severity-value: 64] [rid: 0] [partition-id: 0] [partition-name: DOMAIN] > <BEA-000626> <Free resources in pool "CAPESDS01" will be tested every "120" seconds.> 
####<Aug 28, 2020 9:09:16,030 PM GMT> <Info> <JDBC> <1a761aaf9ceb> <PROD1> <[ACTIVE] ExecuteThread: '0' for queue: 'weblogic.kernel.Default (self-tuning)'> <<WLS Kernel>> <> <151e5212-5b6f-4c58-a8bf-47ea83bd8f85-00000009> <1598648956030> <[severity-value: 64] [rid: 0] [partition-id: 0] [partition-name: DOMAIN] > <BEA-001516> <Data source connection pool "CAPESDS01" connected to Database: "Oracle", Version: "Oracle Database 19c Enterprise Edition Release 19.0.0.0.0 - Production".> 
####<Aug 28, 2020 9:09:16,031 PM GMT> <Info> <JDBC> <1a761aaf9ceb> <PROD1> <[ACTIVE] ExecuteThread: '0' for queue: 'weblogic.kernel.Default (self-tuning)'> <<WLS Kernel>> <> <151e5212-5b6f-4c58-a8bf-47ea83bd8f85-00000009> <1598648956031> <[severity-value: 64] [rid: 0] [partition-id: 0] [partition-name: DOMAIN] > <BEA-001517> <Data source connection pool "CAPESDS01" using Driver: "Oracle JDBC driver", Version: "12.2.0.1.0".> 
####<Aug 28, 2020 9:09:16,170 PM GMT> <Info> <Common> <1a761aaf9ceb> <PROD1> <[ACTIVE] ExecuteThread: '0' for queue: 'weblogic.kernel.Default (self-tuning)'> <<WLS Kernel>> <> <151e5212-5b6f-4c58-a8bf-47ea83bd8f85-00000009> <1598648956170> <[severity-value: 64] [rid: 0] [partition-id: 0] [partition-name: DOMAIN] > <BEA-000628> <Created "1" resources for pool "CAPESDS01", out of which "1" are available and "0" are unavailable.> 
####<Aug 28, 2020 9:09:16,173 PM GMT> <Info> <Common> <1a761aaf9ceb> <PROD1> <[ACTIVE] ExecuteThread: '0' for queue: 'weblogic.kernel.Default (self-tuning)'> <<WLS Kernel>> <> <151e5212-5b6f-4c58-a8bf-47ea83bd8f85-00000009> <1598648956173> <[severity-value: 64] [rid: 0] [partition-id: 0] [partition-name: DOMAIN] > <BEA-000640> <Resource Pool "CAPESDS01" resuming by external command (multi data source or console or other).> 
####<Aug 28, 2020 9:09:16,183 PM GMT> <Info> <JDBC> <1a761aaf9ceb> <PROD1> <[ACTIVE] ExecuteThread: '0' for queue: 'weblogic.kernel.Default (self-tuning)'> <<WLS Kernel>> <> <151e5212-5b6f-4c58-a8bf-47ea83bd8f85-00000009> <1598648956183> <[severity-value: 64] [rid: 0] [partition-id: 0] [partition-name: DOMAIN] > <BEA-001124> <Created Connection Pool named CAPESDS01.> 
####<Aug 28, 2020 9:09:16,186 PM GMT> <Info> <Common> <1a761aaf9ceb> <PROD1> <[ACTIVE] ExecuteThread: '0' for queue: 'weblogic.kernel.Default (self-tuning)'> <<WLS Kernel>> <> <151e5212-5b6f-4c58-a8bf-47ea83bd8f85-00000009> <1598648956186> <[severity-value: 64] [rid: 0] [partition-id: 0] [partition-name: DOMAIN] > <BEA-000638> <Resource Pool "CAPESDS01" is being suspended by an external command (multi data source or console or other).> 
####<Aug 28, 2020 9:09:16,230 PM GMT> <Info> <org.jboss.weld.Version> <1a761aaf9ceb> <PROD1> <[ACTIVE] ExecuteThread: '0' for queue: 'weblogic.kernel.Default (self-tuning)'> <<WLS Kernel>> <> <151e5212-5b6f-4c58-a8bf-47ea83bd8f85-00000009> <1598648956230> <[severity-value: 64] [rid: 0] [partition-id: 0] [partition-name: DOMAIN] > <BEA-000000> <WELD-000900: 2.3.2 (Final)> 
####<Aug 28, 2020 9:09:16,585 PM GMT> <Info> <Common> <1a761aaf9ceb> <PROD1> <[ACTIVE] ExecuteThread: '0' for queue: 'weblogic.kernel.Default (self-tuning)'> <<WLS Kernel>> <> <151e5212-5b6f-4c58-a8bf-47ea83bd8f85-00000009> <1598648956585> <[severity-value: 64] [rid: 0] [partition-id: 0] [partition-name: DOMAIN] > <BEA-000640> <Resource Pool "CAPESDS01" resuming by external command (multi data source or console or other).> 
####<Aug 28, 2020 9:09:16,585 PM GMT> <Info> <JDBC> <1a761aaf9ceb> <PROD1> <[ACTIVE] ExecuteThread: '0' for queue: 'weblogic.kernel.Default (self-tuning)'> <<WLS Kernel>> <> <151e5212-5b6f-4c58-a8bf-47ea83bd8f85-00000009> <1598648956585> <[severity-value: 64] [rid: 0] [partition-id: 0] [partition-name: DOMAIN] > <BEA-001174> <Creating data source named CAPESDS01, JNDI Name = jdbc/CAPESDS01.> 
####<Aug 28, 2020 9:09:16,642 PM GMT> <Info> <JDBC> <1a761aaf9ceb> <PROD1> <[ACTIVE] ExecuteThread: '0' for queue: 'weblogic.kernel.Default (self-tuning)'> <<WLS Kernel>> <> <151e5212-5b6f-4c58-a8bf-47ea83bd8f85-00000009> <1598648956642> <[severity-value: 64] [rid: 0] [partition-id: 0] [partition-name: DOMAIN] > <BEA-001512> <Data source CAPESDS01 has been successfully created.> 
####<Aug 28, 2020 9:09:16,779 PM GMT> <Info> <WebLogicServer> <1a761aaf9ceb> <PROD1> <[ACTIVE] ExecuteThread: '0' for queue: 'weblogic.kernel.Default (self-tuning)'> <<WLS Kernel>> <> <151e5212-5b6f-4c58-a8bf-47ea83bd8f85-00000009> <1598648956779> <[severity-value: 64] [rid: 0] [partition-id: 0] [partition-name: DOMAIN] > <BEA-000256> <Invoking weblogic.transaction.internal.StartupClass.main(null)> 
####<Aug 28, 2020 9:09:16,919 PM GMT> <Notice> <Cluster> <1a761aaf9ceb> <PROD1> <[STANDBY] ExecuteThread: '5' for queue: 'weblogic.kernel.Default (self-tuning)'> <<WLS Kernel>> <> <151e5212-5b6f-4c58-a8bf-47ea83bd8f85-00000007> <1598648956919> <[severity-value: 32] [rid: 0] [partition-id: 0] [partition-name: DOMAIN] > <BEA-000197> <Listening for announcements from cluster using unicast cluster messaging> 
####<Aug 28, 2020 9:09:16,935 PM GMT> <Info> <Diagnostics> <1a761aaf9ceb> <PROD1> <[STANDBY] ExecuteThread: '5' for queue: 'weblogic.kernel.Default (self-tuning)'> <<WLS Kernel>> <> <151e5212-5b6f-4c58-a8bf-47ea83bd8f85-00000007> <1598648956935> <[severity-value: 64] [rid: 0] > <BEA-320000> <The Diagnostics subsystem is initializing on Server PROD1.> 
####<Aug 28, 2020 9:09:17,080 PM GMT> <Notice> <Log Management> <1a761aaf9ceb> <PROD1> <[ACTIVE] ExecuteThread: '9' for queue: 'weblogic.kernel.Default (self-tuning)'> <<WLS Kernel>> <> <151e5212-5b6f-4c58-a8bf-47ea83bd8f85-0000000b> <1598648957080> <[severity-value: 32] [rid: 0] [partition-id: 0] [partition-name: DOMAIN] > <BEA-170027> <The server has successfully established a connection with the Domain level Diagnostic Service.> 
####<Aug 28, 2020 9:09:17,459 PM GMT> <Info> <Diagnostics> <1a761aaf9ceb> <PROD1> <[STANDBY] ExecuteThread: '5' for queue: 'weblogic.kernel.Default (self-tuning)'> <<WLS Kernel>> <> <151e5212-5b6f-4c58-a8bf-47ea83bd8f85-00000007> <1598648957459> <[severity-value: 64] [rid: 0] [partition-id: 0] [partition-name: DOMAIN] > <BEA-320077> <Initialized the Diagnostic Accessor Service.> 
####<Aug 28, 2020 9:09:17,532 PM GMT> <Info> <HealthCheckService> <1a761aaf9ceb> <PROD1> <[STANDBY] ExecuteThread: '5' for queue: 'weblogic.kernel.Default (self-tuning)'> <<WLS Kernel>> <> <151e5212-5b6f-4c58-a8bf-47ea83bd8f85-00000007> <1598648957532> <[severity-value: 64] [rid: 0] [partition-id: 0] [partition-name: DOMAIN] > <BEA-000000> <Registered health check MachineHealthCheck successfully with health check service> 
####<Aug 28, 2020 9:09:17,532 PM GMT> <Info> <HealthCheckService> <1a761aaf9ceb> <PROD1> <[STANDBY] ExecuteThread: '5' for queue: 'weblogic.kernel.Default (self-tuning)'> <<WLS Kernel>> <> <151e5212-5b6f-4c58-a8bf-47ea83bd8f85-00000007> <1598648957532> <[severity-value: 64] [rid: 0] [partition-id: 0] [partition-name: DOMAIN] > <BEA-000000> <Health check service enabled> 
####<Aug 28, 2020 9:09:17,567 PM GMT> <Notice> <WebLogicServer> <1a761aaf9ceb> <PROD1> <[STANDBY] ExecuteThread: '5' for queue: 'weblogic.kernel.Default (self-tuning)'> <<WLS Kernel>> <> <151e5212-5b6f-4c58-a8bf-47ea83bd8f85-00000007> <1598648957567> <[severity-value: 32] [rid: 0] [partition-id: 0] [partition-name: DOMAIN] > <BEA-000365> <Server state changed to ADMIN.> 
####<Aug 28, 2020 9:09:17,709 PM GMT> <Notice> <WebLogicServer> <1a761aaf9ceb> <PROD1> <[STANDBY] ExecuteThread: '5' for queue: 'weblogic.kernel.Default (self-tuning)'> <<WLS Kernel>> <> <151e5212-5b6f-4c58-a8bf-47ea83bd8f85-00000007> <1598648957709> <[severity-value: 32] [rid: 0] [partition-id: 0] [partition-name: DOMAIN] > <BEA-000365> <Server state changed to RESUMING.> 
####<Aug 28, 2020 9:09:17,790 PM GMT> <Notice> <Cluster> <1a761aaf9ceb> <PROD1> <[STANDBY] ExecuteThread: '8' for queue: 'weblogic.kernel.Default (self-tuning)'> <<WLS Kernel>> <> <151e5212-5b6f-4c58-a8bf-47ea83bd8f85-0000000c> <1598648957790> <[severity-value: 32] [rid: 0] [partition-id: 0] [partition-name: DOMAIN] > <BEA-000162> <Starting "async" replication service with remote cluster address "null"> 
####<Aug 28, 2020 9:09:17,864 PM GMT> <Info> <Server> <1a761aaf9ceb> <PROD1> <[ACTIVE] ExecuteThread: '9' for queue: 'weblogic.kernel.Default (self-tuning)'> <<WLS Kernel>> <> <151e5212-5b6f-4c58-a8bf-47ea83bd8f85-0000000d> <1598648957864> <[severity-value: 64] [rid: 0] [partition-id: 0] [partition-name: DOMAIN] > <BEA-002610> <Dynamic Listener Service initialized.> 
####<Aug 28, 2020 9:09:17,865 PM GMT> <Notice> <WebLogicServer> <1a761aaf9ceb> <PROD1> <[ACTIVE] ExecuteThread: '9' for queue: 'weblogic.kernel.Default (self-tuning)'> <<WLS Kernel>> <> <151e5212-5b6f-4c58-a8bf-47ea83bd8f85-0000000d> <1598648957865> <[severity-value: 32] [rid: 0] [partition-id: 0] [partition-name: DOMAIN] > <BEA-000332> <Started the WebLogic Server Managed Server "PROD1" for domain "hsoftdev" running in development mode.> 
####<Aug 28, 2020 9:09:17,872 PM GMT> <Notice> <Server> <1a761aaf9ceb> <PROD1> <weblogic.socket.ServerListenThread> <<WLS Kernel>> <> <151e5212-5b6f-4c58-a8bf-47ea83bd8f85-0000000e> <1598648957872> <[severity-value: 32] [rid: 0] [partition-id: 0] [partition-name: DOMAIN] > <BEA-002613> <Channel "Default" is now listening on 10.250.2.11:8001 for protocols iiop, t3, CLUSTER-BROADCAST, ldap, snmp, http.> 
####<Aug 28, 2020 9:09:17,873 PM GMT> <Notice> <Server> <1a761aaf9ceb> <PROD1> <weblogic.socket.ServerListenThread> <<WLS Kernel>> <> <151e5212-5b6f-4c58-a8bf-47ea83bd8f85-0000000e> <1598648957873> <[severity-value: 32] [rid: 0] [partition-id: 0] [partition-name: DOMAIN] > <BEA-002613> <Channel "Default[1]" is now listening on 127.0.0.1:8001 for protocols iiop, t3, CLUSTER-BROADCAST, ldap, snmp, http.> 
####<Aug 28, 2020 9:09:17,894 PM GMT> <Notice> <Server> <1a761aaf9ceb> <PROD1> <weblogic.socket.ServerListenThread> <<WLS Kernel>> <> <151e5212-5b6f-4c58-a8bf-47ea83bd8f85-0000000e> <1598648957894> <[severity-value: 32] [rid: 0] [partition-id: 0] [partition-name: DOMAIN] > <BEA-002613> <Channel "Default" is now listening on 10.250.2.11:8001 for protocols iiop, t3, CLUSTER-BROADCAST, ldap, snmp, http.> 
####<Aug 28, 2020 9:09:17,894 PM GMT> <Notice> <Server> <1a761aaf9ceb> <PROD1> <weblogic.socket.ServerListenThread> <<WLS Kernel>> <> <151e5212-5b6f-4c58-a8bf-47ea83bd8f85-0000000e> <1598648957894> <[severity-value: 32] [rid: 0] [partition-id: 0] [partition-name: DOMAIN] > <BEA-002613> <Channel "Default[1]" is now listening on 127.0.0.1:8001 for protocols iiop, t3, CLUSTER-BROADCAST, ldap, snmp, http.> 
####<Aug 28, 2020 9:09:17,931 PM GMT> <Info> <Server> <1a761aaf9ceb> <PROD1> <[ACTIVE] ExecuteThread: '10' for queue: 'weblogic.kernel.Default (self-tuning)'> <<WLS Kernel>> <> <151e5212-5b6f-4c58-a8bf-47ea83bd8f85-0000000f> <1598648957931> <[severity-value: 64] [rid: 0] [partition-id: 0] [partition-name: DOMAIN] > <BEA-002635> <The server "hsoftadmin" connected to this server.> 
####<Aug 28, 2020 9:09:18,069 PM GMT> <Notice> <WebLogicServer> <1a761aaf9ceb> <PROD1> <[ACTIVE] ExecuteThread: '9' for queue: 'weblogic.kernel.Default (self-tuning)'> <<WLS Kernel>> <> <151e5212-5b6f-4c58-a8bf-47ea83bd8f85-0000000d> <1598648958069> <[severity-value: 32] [rid: 0] [partition-id: 0] [partition-name: DOMAIN] > <BEA-000360> <The server started in RUNNING mode.> 
####<Aug 28, 2020 9:09:18,107 PM GMT> <Notice> <WebLogicServer> <1a761aaf9ceb> <PROD1> <[ACTIVE] ExecuteThread: '9' for queue: 'weblogic.kernel.Default (self-tuning)'> <<WLS Kernel>> <> <151e5212-5b6f-4c58-a8bf-47ea83bd8f85-0000000d> <1598648958107> <[severity-value: 32] [rid: 0] [partition-id: 0] [partition-name: DOMAIN] > <BEA-000365> <Server state changed to RUNNING.> 
####<Aug 28, 2020 9:09:18,481 PM GMT> <Info> <CONCURRENCY> <1a761aaf9ceb> <PROD1> <[ACTIVE] ExecuteThread: '0' for queue: 'weblogic.kernel.Default (self-tuning)'> <<WLS Kernel>> <> <151e5212-5b6f-4c58-a8bf-47ea83bd8f85-00000010> <1598648958481> <[severity-value: 64] [rid: 0] [partition-id: 0] [partition-name: DOMAIN] > <BEA-2162601> <Creating ContextService "DefaultContextService" (partition="DOMAIN", module="null", application="jms-internal-xa-adp")> 
####<Aug 28, 2020 9:09:18,482 PM GMT> <Info> <CONCURRENCY> <1a761aaf9ceb> <PROD1> <[ACTIVE] ExecuteThread: '0' for queue: 'weblogic.kernel.Default (self-tuning)'> <<WLS Kernel>> <> <151e5212-5b6f-4c58-a8bf-47ea83bd8f85-00000010> <1598648958482> <[severity-value: 64] [rid: 0] [partition-id: 0] [partition-name: DOMAIN] > <BEA-2162600> <Creating ManagedThreadFactory "DefaultManagedThreadFactory" (partition="DOMAIN", module="null", application="jms-internal-xa-adp")> 
####<Aug 28, 2020 9:09:18,484 PM GMT> <Info> <CONCURRENCY> <1a761aaf9ceb> <PROD1> <[ACTIVE] ExecuteThread: '0' for queue: 'weblogic.kernel.Default (self-tuning)'> <<WLS Kernel>> <> <151e5212-5b6f-4c58-a8bf-47ea83bd8f85-00000010> <1598648958484> <[severity-value: 64] [rid: 0] [partition-id: 0] [partition-name: DOMAIN] > <BEA-2162610> <Creating ManagedExecutorService "DefaultManagedExecutorService" (partition="DOMAIN", module="null", application="jms-internal-xa-adp", workmanager="default")> 
####<Aug 28, 2020 9:09:18,485 PM GMT> <Info> <CONCURRENCY> <1a761aaf9ceb> <PROD1> <[ACTIVE] ExecuteThread: '0' for queue: 'weblogic.kernel.Default (self-tuning)'> <<WLS Kernel>> <> <151e5212-5b6f-4c58-a8bf-47ea83bd8f85-00000010> <1598648958485> <[severity-value: 64] [rid: 0] [partition-id: 0] [partition-name: DOMAIN] > <BEA-2162611> <Creating ManagedScheduledExecutorService "DefaultManagedScheduledExecutorService" (partition="DOMAIN", module="null", application="jms-internal-xa-adp", workmanager="default")> 
####<Aug 28, 2020 9:09:18,701 PM GMT> <Info> <Connector> <1a761aaf9ceb> <PROD1> <[ACTIVE] ExecuteThread: '0' for queue: 'weblogic.kernel.Default (self-tuning)'> <<WLS Kernel>> <> <151e5212-5b6f-4c58-a8bf-47ea83bd8f85-00000010> <1598648958701> <[severity-value: 64] [rid: 0] [partition-id: 0] [partition-name: DOMAIN] > <BEA-190156> <There were no compliance or validation errors found in the resource adapter /u01/oracle/user_projects/domains/hsoftdev/servers/PROD1/tmp/.internal/jms-internal-xa-adp.rar.> 
####<Aug 28, 2020 9:09:18,705 PM GMT> <Info> <Connector> <1a761aaf9ceb> <PROD1> <[ACTIVE] ExecuteThread: '0' for queue: 'weblogic.kernel.Default (self-tuning)'> <<WLS Kernel>> <> <151e5212-5b6f-4c58-a8bf-47ea83bd8f85-00000010> <1598648958705> <[severity-value: 64] [rid: 0] [partition-id: 0] [partition-name: DOMAIN] > <BEA-199185> <There is no META-INF/validation.xml file in the adapter archive /u01/oracle/user_projects/domains/hsoftdev/servers/PROD1/tmp/_WL_internal/jms-internal-xa-adp/tnsg1m. The default Bean Validation configuration will be used.> 
####<Aug 28, 2020 9:09:18,827 PM GMT> <Info> <CONCURRENCY> <1a761aaf9ceb> <PROD1> <[ACTIVE] ExecuteThread: '0' for queue: 'weblogic.kernel.Default (self-tuning)'> <<WLS Kernel>> <> <151e5212-5b6f-4c58-a8bf-47ea83bd8f85-00000010> <1598648958827> <[severity-value: 64] [rid: 0] [partition-id: 0] [partition-name: DOMAIN] > <BEA-2162601> <Creating ContextService "DefaultContextService" (partition="DOMAIN", module="null", application="jms-internal-notran-adp")> 
####<Aug 28, 2020 9:09:18,828 PM GMT> <Info> <CONCURRENCY> <1a761aaf9ceb> <PROD1> <[ACTIVE] ExecuteThread: '0' for queue: 'weblogic.kernel.Default (self-tuning)'> <<WLS Kernel>> <> <151e5212-5b6f-4c58-a8bf-47ea83bd8f85-00000010> <1598648958828> <[severity-value: 64] [rid: 0] [partition-id: 0] [partition-name: DOMAIN] > <BEA-2162600> <Creating ManagedThreadFactory "DefaultManagedThreadFactory" (partition="DOMAIN", module="null", application="jms-internal-notran-adp")> 
####<Aug 28, 2020 9:09:18,830 PM GMT> <Info> <CONCURRENCY> <1a761aaf9ceb> <PROD1> <[ACTIVE] ExecuteThread: '0' for queue: 'weblogic.kernel.Default (self-tuning)'> <<WLS Kernel>> <> <151e5212-5b6f-4c58-a8bf-47ea83bd8f85-00000010> <1598648958830> <[severity-value: 64] [rid: 0] [partition-id: 0] [partition-name: DOMAIN] > <BEA-2162610> <Creating ManagedExecutorService "DefaultManagedExecutorService" (partition="DOMAIN", module="null", application="jms-internal-notran-adp", workmanager="default")> 
####<Aug 28, 2020 9:09:18,832 PM GMT> <Info> <CONCURRENCY> <1a761aaf9ceb> <PROD1> <[ACTIVE] ExecuteThread: '0' for queue: 'weblogic.kernel.Default (self-tuning)'> <<WLS Kernel>> <> <151e5212-5b6f-4c58-a8bf-47ea83bd8f85-00000010> <1598648958832> <[severity-value: 64] [rid: 0] [partition-id: 0] [partition-name: DOMAIN] > <BEA-2162611> <Creating ManagedScheduledExecutorService "DefaultManagedScheduledExecutorService" (partition="DOMAIN", module="null", application="jms-internal-notran-adp", workmanager="default")> 
####<Aug 28, 2020 9:09:18,878 PM GMT> <Info> <Connector> <1a761aaf9ceb> <PROD1> <[ACTIVE] ExecuteThread: '0' for queue: 'weblogic.kernel.Default (self-tuning)'> <<WLS Kernel>> <> <151e5212-5b6f-4c58-a8bf-47ea83bd8f85-00000010> <1598648958878> <[severity-value: 64] [rid: 0] [partition-id: 0] [partition-name: DOMAIN] > <BEA-190156> <There were no compliance or validation errors found in the resource adapter /u01/oracle/user_projects/domains/hsoftdev/servers/PROD1/tmp/.internal/jms-internal-notran-adp.rar.> 
####<Aug 28, 2020 9:09:18,880 PM GMT> <Info> <Connector> <1a761aaf9ceb> <PROD1> <[ACTIVE] ExecuteThread: '0' for queue: 'weblogic.kernel.Default (self-tuning)'> <<WLS Kernel>> <> <151e5212-5b6f-4c58-a8bf-47ea83bd8f85-00000010> <1598648958880> <[severity-value: 64] [rid: 0] [partition-id: 0] [partition-name: DOMAIN] > <BEA-199185> <There is no META-INF/validation.xml file in the adapter archive /u01/oracle/user_projects/domains/hsoftdev/servers/PROD1/tmp/_WL_internal/jms-internal-notran-adp/7h9z9c. The default Bean Validation configuration will be used.> 
####<Aug 28, 2020 9:09:19,558 PM GMT> <Info> <CONCURRENCY> <1a761aaf9ceb> <PROD1> <[ACTIVE] ExecuteThread: '0' for queue: 'weblogic.kernel.Default (self-tuning)'> <<WLS Kernel>> <> <151e5212-5b6f-4c58-a8bf-47ea83bd8f85-00000010> <1598648959558> <[severity-value: 64] [rid: 0] [partition-id: 0] [partition-name: DOMAIN] > <BEA-2162601> <Creating ContextService "DefaultContextService" (partition="DOMAIN", module="null", application="wls-management-services")> 
####<Aug 28, 2020 9:09:19,559 PM GMT> <Info> <CONCURRENCY> <1a761aaf9ceb> <PROD1> <[ACTIVE] ExecuteThread: '0' for queue: 'weblogic.kernel.Default (self-tuning)'> <<WLS Kernel>> <> <151e5212-5b6f-4c58-a8bf-47ea83bd8f85-00000010> <1598648959559> <[severity-value: 64] [rid: 0] [partition-id: 0] [partition-name: DOMAIN] > <BEA-2162600> <Creating ManagedThreadFactory "DefaultManagedThreadFactory" (partition="DOMAIN", module="null", application="wls-management-services")> 
####<Aug 28, 2020 9:09:19,559 PM GMT> <Info> <CONCURRENCY> <1a761aaf9ceb> <PROD1> <[ACTIVE] ExecuteThread: '0' for queue: 'weblogic.kernel.Default (self-tuning)'> <<WLS Kernel>> <> <151e5212-5b6f-4c58-a8bf-47ea83bd8f85-00000010> <1598648959559> <[severity-value: 64] [rid: 0] [partition-id: 0] [partition-name: DOMAIN] > <BEA-2162610> <Creating ManagedExecutorService "DefaultManagedExecutorService" (partition="DOMAIN", module="null", application="wls-management-services", workmanager="default")> 
####<Aug 28, 2020 9:09:19,560 PM GMT> <Info> <CONCURRENCY> <1a761aaf9ceb> <PROD1> <[ACTIVE] ExecuteThread: '0' for queue: 'weblogic.kernel.Default (self-tuning)'> <<WLS Kernel>> <> <151e5212-5b6f-4c58-a8bf-47ea83bd8f85-00000010> <1598648959560> <[severity-value: 64] [rid: 0] [partition-id: 0] [partition-name: DOMAIN] > <BEA-2162611> <Creating ManagedScheduledExecutorService "DefaultManagedScheduledExecutorService" (partition="DOMAIN", module="null", application="wls-management-services", workmanager="default")> 
####<Aug 28, 2020 9:09:19,562 PM GMT> <Info> <WorkManager> <1a761aaf9ceb> <PROD1> <[ACTIVE] ExecuteThread: '0' for queue: 'weblogic.kernel.Default (self-tuning)'> <<WLS Kernel>> <> <151e5212-5b6f-4c58-a8bf-47ea83bd8f85-00000010> <1598648959562> <[severity-value: 64] [rid: 0] [partition-id: 0] [partition-name: DOMAIN] > <BEA-002901> <Creating Work Manager "WlsManagementDelegatedRequestWorkManager" with configured minimum threads constraint "WlsManagementMinThreadsCount" and maximum threads constraint "null" for module "wls-management-services.war" and application "wls-management-services"> 
####<Aug 28, 2020 9:09:19,563 PM GMT> <Info> <WorkManager> <1a761aaf9ceb> <PROD1> <[ACTIVE] ExecuteThread: '0' for queue: 'weblogic.kernel.Default (self-tuning)'> <<WLS Kernel>> <> <151e5212-5b6f-4c58-a8bf-47ea83bd8f85-00000010> <1598648959563> <[severity-value: 64] [rid: 0] [partition-id: 0] [partition-name: DOMAIN] > <BEA-002901> <Creating Work Manager "WlsManagementDispatchWorkManager" with configured minimum threads constraint "WlsManagementMinThreadsCount" and maximum threads constraint "null" for module "wls-management-services.war" and application "wls-management-services"> 
####<Aug 28, 2020 9:09:19,918 PM GMT> <Info> <Common> <1a761aaf9ceb> <PROD1> <[ACTIVE] ExecuteThread: '0' for queue: 'weblogic.kernel.Default (self-tuning)'> <<WLS Kernel>> <> <151e5212-5b6f-4c58-a8bf-47ea83bd8f85-00000010> <1598648959918> <[severity-value: 64] [rid: 0] [partition-id: 0] [partition-name: DOMAIN] > <BEA-000625> <The application has disabled periodic testing of free resources in pool "eis/jms/internal/WLSConnectionFactoryJNDIXA".> 
####<Aug 28, 2020 9:09:19,932 PM GMT> <Info> <Common> <1a761aaf9ceb> <PROD1> <[ACTIVE] ExecuteThread: '0' for queue: 'weblogic.kernel.Default (self-tuning)'> <<WLS Kernel>> <> <151e5212-5b6f-4c58-a8bf-47ea83bd8f85-00000010> <1598648959932> <[severity-value: 64] [rid: 0] [partition-id: 0] [partition-name: DOMAIN] > <BEA-000640> <Resource Pool "eis/jms/internal/WLSConnectionFactoryJNDIXA" resuming by external command (multi data source or console or other).> 
####<Aug 28, 2020 9:09:19,956 PM GMT> <Info> <Common> <1a761aaf9ceb> <PROD1> <[ACTIVE] ExecuteThread: '0' for queue: 'weblogic.kernel.Default (self-tuning)'> <<WLS Kernel>> <> <151e5212-5b6f-4c58-a8bf-47ea83bd8f85-00000010> <1598648959956> <[severity-value: 64] [rid: 0] [partition-id: 0] [partition-name: DOMAIN] > <BEA-000625> <The application has disabled periodic testing of free resources in pool "eis/jms/internal/WLSConnectionFactoryJNDINoTX".> 
####<Aug 28, 2020 9:09:19,960 PM GMT> <Info> <Common> <1a761aaf9ceb> <PROD1> <[ACTIVE] ExecuteThread: '0' for queue: 'weblogic.kernel.Default (self-tuning)'> <<WLS Kernel>> <> <151e5212-5b6f-4c58-a8bf-47ea83bd8f85-00000010> <1598648959960> <[severity-value: 64] [rid: 0] [partition-id: 0] [partition-name: DOMAIN] > <BEA-000640> <Resource Pool "eis/jms/internal/WLSConnectionFactoryJNDINoTX" resuming by external command (multi data source or console or other).> 
####<Aug 28, 2020 9:09:24,968 PM GMT> <Info> <CONCURRENCY> <1a761aaf9ceb> <PROD1> <[ACTIVE] ExecuteThread: '10' for queue: 'weblogic.kernel.Default (self-tuning)'> <<WLS Kernel>> <> <151e5212-5b6f-4c58-a8bf-47ea83bd8f85-00000011> <1598648964968> <[severity-value: 64] [rid: 0] [partition-id: 0] [partition-name: DOMAIN] > <BEA-2162601> <Creating ContextService "DefaultContextService" (partition="DOMAIN", module="null", application="bea_wls_deployment_internal")> 
####<Aug 28, 2020 9:09:24,969 PM GMT> <Info> <CONCURRENCY> <1a761aaf9ceb> <PROD1> <[ACTIVE] ExecuteThread: '10' for queue: 'weblogic.kernel.Default (self-tuning)'> <<WLS Kernel>> <> <151e5212-5b6f-4c58-a8bf-47ea83bd8f85-00000011> <1598648964969> <[severity-value: 64] [rid: 0] [partition-id: 0] [partition-name: DOMAIN] > <BEA-2162600> <Creating ManagedThreadFactory "DefaultManagedThreadFactory" (partition="DOMAIN", module="null", application="bea_wls_deployment_internal")> 
####<Aug 28, 2020 9:09:24,970 PM GMT> <Info> <CONCURRENCY> <1a761aaf9ceb> <PROD1> <[ACTIVE] ExecuteThread: '10' for queue: 'weblogic.kernel.Default (self-tuning)'> <<WLS Kernel>> <> <151e5212-5b6f-4c58-a8bf-47ea83bd8f85-00000011> <1598648964970> <[severity-value: 64] [rid: 0] [partition-id: 0] [partition-name: DOMAIN] > <BEA-2162610> <Creating ManagedExecutorService "DefaultManagedExecutorService" (partition="DOMAIN", module="null", application="bea_wls_deployment_internal", workmanager="default")> 
####<Aug 28, 2020 9:09:24,971 PM GMT> <Info> <CONCURRENCY> <1a761aaf9ceb> <PROD1> <[ACTIVE] ExecuteThread: '10' for queue: 'weblogic.kernel.Default (self-tuning)'> <<WLS Kernel>> <> <151e5212-5b6f-4c58-a8bf-47ea83bd8f85-00000011> <1598648964971> <[severity-value: 64] [rid: 0] [partition-id: 0] [partition-name: DOMAIN] > <BEA-2162611> <Creating ManagedScheduledExecutorService "DefaultManagedScheduledExecutorService" (partition="DOMAIN", module="null", application="bea_wls_deployment_internal", workmanager="default")> 
####<Aug 28, 2020 9:10:11,748 PM GMT> <Info> <Health> <1a761aaf9ceb> <PROD1> <weblogic.GCMonitor> <<anonymous>> <> <151e5212-5b6f-4c58-a8bf-47ea83bd8f85-00000008> <1598649011748> <[severity-value: 64] [rid: 0:1] [partition-id: 0] [partition-name: DOMAIN] > <BEA-310002> <74% of the total memory in the server is free.> 
####<Aug 28, 2020 9:10:43,982 PM GMT> <Info> <WorkManager> <1a761aaf9ceb> <PROD1> <Timer-2> <<WLS Kernel>> <> <151e5212-5b6f-4c58-a8bf-47ea83bd8f85-00000002> <1598649043982> <[severity-value: 64] [rid: 0] [partition-id: 0] [partition-name: DOMAIN] > <BEA-002959> <Self-tuning thread pool contains 1 running threads, 1 idle threads, and 11 standby threads> 
####<Aug 28, 2020 9:12:44,009 PM GMT> <Info> <WorkManager> <1a761aaf9ceb> <PROD1> <Timer-2> <<WLS Kernel>> <> <151e5212-5b6f-4c58-a8bf-47ea83bd8f85-00000002> <1598649164009> <[severity-value: 64] [rid: 0] [partition-id: 0] [partition-name: DOMAIN] > <BEA-002959> <Self-tuning thread pool contains 1 running threads, 1 idle threads, and 11 standby threads> 
####<Aug 28, 2020 9:14:44,030 PM GMT> <Info> <WorkManager> <1a761aaf9ceb> <PROD1> <Timer-2> <<WLS Kernel>> <> <151e5212-5b6f-4c58-a8bf-47ea83bd8f85-00000002> <1598649284030> <[severity-value: 64] [rid: 0] [partition-id: 0] [partition-name: DOMAIN] > <BEA-002959> <Self-tuning thread pool contains 1 running threads, 1 idle threads, and 11 standby threads> 
####<Aug 28, 2020 9:16:44,048 PM GMT> <Info> <WorkManager> <1a761aaf9ceb> <PROD1> <Timer-2> <<WLS Kernel>> <> <151e5212-5b6f-4c58-a8bf-47ea83bd8f85-00000002> <1598649404048> <[severity-value: 64] [rid: 0] [partition-id: 0] [partition-name: DOMAIN] > <BEA-002959> <Self-tuning thread pool contains 1 running threads, 1 idle threads, and 11 standby threads> 
####<Aug 28, 2020 9:18:44,074 PM GMT> <Info> <WorkManager> <1a761aaf9ceb> <PROD1> <Timer-2> <<WLS Kernel>> <> <151e5212-5b6f-4c58-a8bf-47ea83bd8f85-00000002> <1598649524074> <[severity-value: 64] [rid: 0] [partition-id: 0] [partition-name: DOMAIN] > <BEA-002959> <Self-tuning thread pool contains 1 running threads, 1 idle threads, and 11 standby threads> 
####<Aug 28, 2020 9:20:44,143 PM GMT> <Info> <WorkManager> <1a761aaf9ceb> <PROD1> <Timer-2> <<WLS Kernel>> <> <151e5212-5b6f-4c58-a8bf-47ea83bd8f85-00000002> <1598649644143> <[severity-value: 64] [rid: 0] [partition-id: 0] [partition-name: DOMAIN] > <BEA-002959> <Self-tuning thread pool contains 1 running threads, 1 idle threads, and 11 standby threads> 
####<Aug 28, 2020 9:22:44,182 PM GMT> <Info> <WorkManager> <1a761aaf9ceb> <PROD1> <Timer-2> <<WLS Kernel>> <> <151e5212-5b6f-4c58-a8bf-47ea83bd8f85-00000002> <1598649764182> <[severity-value: 64] [rid: 0] [partition-id: 0] [partition-name: DOMAIN] > <BEA-002959> <Self-tuning thread pool contains 1 running threads, 1 idle threads, and 11 standby threads> 
####<Aug 28, 2020 9:24:44,210 PM GMT> <Info> <WorkManager> <1a761aaf9ceb> <PROD1> <Timer-2> <<WLS Kernel>> <> <151e5212-5b6f-4c58-a8bf-47ea83bd8f85-00000002> <1598649884210> <[severity-value: 64] [rid: 0] [partition-id: 0] [partition-name: DOMAIN] > <BEA-002959> <Self-tuning thread pool contains 1 running threads, 1 idle threads, and 11 standby threads> 
####<Aug 28, 2020 9:26:44,241 PM GMT> <Info> <WorkManager> <1a761aaf9ceb> <PROD1> <Timer-2> <<WLS Kernel>> <> <151e5212-5b6f-4c58-a8bf-47ea83bd8f85-00000002> <1598650004241> <[severity-value: 64] [rid: 0] [partition-id: 0] [partition-name: DOMAIN] > <BEA-002959> <Self-tuning thread pool contains 1 running threads, 1 idle threads, and 11 standby threads> 
####<Aug 28, 2020 9:28:44,269 PM GMT> <Info> <WorkManager> <1a761aaf9ceb> <PROD1> <Timer-2> <<WLS Kernel>> <> <151e5212-5b6f-4c58-a8bf-47ea83bd8f85-00000002> <1598650124269> <[severity-value: 64] [rid: 0] [partition-id: 0] [partition-name: DOMAIN] > <BEA-002959> <Self-tuning thread pool contains 1 running threads, 1 idle threads, and 11 standby threads> 
####<Aug 28, 2020 9:30:44,296 PM GMT> <Info> <WorkManager> <1a761aaf9ceb> <PROD1> <Timer-2> <<WLS Kernel>> <> <151e5212-5b6f-4c58-a8bf-47ea83bd8f85-00000002> <1598650244296> <[severity-value: 64] [rid: 0] [partition-id: 0] [partition-name: DOMAIN] > <BEA-002959> <Self-tuning thread pool contains 1 running threads, 1 idle threads, and 11 standby threads> 
####<Aug 28, 2020 9:32:44,321 PM GMT> <Info> <WorkManager> <1a761aaf9ceb> <PROD1> <Timer-2> <<WLS Kernel>> <> <151e5212-5b6f-4c58-a8bf-47ea83bd8f85-00000002> <1598650364321> <[severity-value: 64] [rid: 0] [partition-id: 0] [partition-name: DOMAIN] > <BEA-002959> <Self-tuning thread pool contains 1 running threads, 1 idle threads, and 11 standby threads> 
####<Aug 28, 2020 9:34:44,359 PM GMT> <Info> <WorkManager> <1a761aaf9ceb> <PROD1> <Timer-2> <<WLS Kernel>> <> <151e5212-5b6f-4c58-a8bf-47ea83bd8f85-00000002> <1598650484359> <[severity-value: 64] [rid: 0] [partition-id: 0] [partition-name: DOMAIN] > <BEA-002959> <Self-tuning thread pool contains 1 running threads, 1 idle threads, and 11 standby threads> 
####<Aug 28, 2020 9:36:44,395 PM GMT> <Info> <WorkManager> <1a761aaf9ceb> <PROD1> <Timer-2> <<WLS Kernel>> <> <151e5212-5b6f-4c58-a8bf-47ea83bd8f85-00000002> <1598650604395> <[severity-value: 64] [rid: 0] [partition-id: 0] [partition-name: DOMAIN] > <BEA-002959> <Self-tuning thread pool contains 1 running threads, 1 idle threads, and 11 standby threads> 
####<Aug 28, 2020 9:38:44,431 PM GMT> <Info> <WorkManager> <1a761aaf9ceb> <PROD1> <Timer-2> <<WLS Kernel>> <> <151e5212-5b6f-4c58-a8bf-47ea83bd8f85-00000002> <1598650724431> <[severity-value: 64] [rid: 0] [partition-id: 0] [partition-name: DOMAIN] > <BEA-002959> <Self-tuning thread pool contains 1 running threads, 1 idle threads, and 11 standby threads> 
####<Aug 28, 2020 9:40:44,459 PM GMT> <Info> <WorkManager> <1a761aaf9ceb> <PROD1> <Timer-2> <<WLS Kernel>> <> <151e5212-5b6f-4c58-a8bf-47ea83bd8f85-00000002> <1598650844459> <[severity-value: 64] [rid: 0] [partition-id: 0] [partition-name: DOMAIN] > <BEA-002959> <Self-tuning thread pool contains 1 running threads, 1 idle threads, and 11 standby threads> 
####<Aug 28, 2020 9:42:44,494 PM GMT> <Info> <WorkManager> <1a761aaf9ceb> <PROD1> <Timer-2> <<WLS Kernel>> <> <151e5212-5b6f-4c58-a8bf-47ea83bd8f85-00000002> <1598650964494> <[severity-value: 64] [rid: 0] [partition-id: 0] [partition-name: DOMAIN] > <BEA-002959> <Self-tuning thread pool contains 1 running threads, 1 idle threads, and 11 standby threads> 
####<Aug 28, 2020 9:44:44,519 PM GMT> <Info> <WorkManager> <1a761aaf9ceb> <PROD1> <Timer-2> <<WLS Kernel>> <> <151e5212-5b6f-4c58-a8bf-47ea83bd8f85-00000002> <1598651084519> <[severity-value: 64] [rid: 0] [partition-id: 0] [partition-name: DOMAIN] > <BEA-002959> <Self-tuning thread pool contains 1 running threads, 1 idle threads, and 11 standby threads> 
####<Aug 28, 2020 9:46:44,557 PM GMT> <Info> <WorkManager> <1a761aaf9ceb> <PROD1> <Timer-2> <<WLS Kernel>> <> <151e5212-5b6f-4c58-a8bf-47ea83bd8f85-00000002> <1598651204557> <[severity-value: 64] [rid: 0] [partition-id: 0] [partition-name: DOMAIN] > <BEA-002959> <Self-tuning thread pool contains 1 running threads, 1 idle threads, and 11 standby threads> 
####<Aug 28, 2020 9:48:44,581 PM GMT> <Info> <WorkManager> <1a761aaf9ceb> <PROD1> <Timer-2> <<WLS Kernel>> <> <151e5212-5b6f-4c58-a8bf-47ea83bd8f85-00000002> <1598651324581> <[severity-value: 64] [rid: 0] [partition-id: 0] [partition-name: DOMAIN] > <BEA-002959> <Self-tuning thread pool contains 1 running threads, 1 idle threads, and 11 standby threads> 
####<Aug 28, 2020 9:50:44,629 PM GMT> <Info> <WorkManager> <1a761aaf9ceb> <PROD1> <Timer-2> <<WLS Kernel>> <> <151e5212-5b6f-4c58-a8bf-47ea83bd8f85-00000002> <1598651444629> <[severity-value: 64] [rid: 0] [partition-id: 0] [partition-name: DOMAIN] > <BEA-002959> <Self-tuning thread pool contains 1 running threads, 1 idle threads, and 11 standby threads> 
####<Aug 28, 2020 9:52:44,661 PM GMT> <Info> <WorkManager> <1a761aaf9ceb> <PROD1> <Timer-2> <<WLS Kernel>> <> <151e5212-5b6f-4c58-a8bf-47ea83bd8f85-00000002> <1598651564661> <[severity-value: 64] [rid: 0] [partition-id: 0] [partition-name: DOMAIN] > <BEA-002959> <Self-tuning thread pool contains 1 running threads, 1 idle threads, and 11 standby threads> 
####<Aug 28, 2020 9:54:44,695 PM GMT> <Info> <WorkManager> <1a761aaf9ceb> <PROD1> <Timer-2> <<WLS Kernel>> <> <151e5212-5b6f-4c58-a8bf-47ea83bd8f85-00000002> <1598651684695> <[severity-value: 64] [rid: 0] [partition-id: 0] [partition-name: DOMAIN] > <BEA-002959> <Self-tuning thread pool contains 1 running threads, 1 idle threads, and 11 standby threads> 
####<Aug 28, 2020 9:56:44,739 PM GMT> <Info> <WorkManager> <1a761aaf9ceb> <PROD1> <Timer-2> <<WLS Kernel>> <> <151e5212-5b6f-4c58-a8bf-47ea83bd8f85-00000002> <1598651804739> <[severity-value: 64] [rid: 0] [partition-id: 0] [partition-name: DOMAIN] > <BEA-002959> <Self-tuning thread pool contains 1 running threads, 1 idle threads, and 11 standby threads> 
####<Aug 28, 2020 9:58:44,773 PM GMT> <Info> <WorkManager> <1a761aaf9ceb> <PROD1> <Timer-2> <<WLS Kernel>> <> <151e5212-5b6f-4c58-a8bf-47ea83bd8f85-00000002> <1598651924773> <[severity-value: 64] [rid: 0] [partition-id: 0] [partition-name: DOMAIN] > <BEA-002959> <Self-tuning thread pool contains 1 running threads, 1 idle threads, and 11 standby threads> 
####<Aug 28, 2020 10:00:44,813 PM GMT> <Info> <WorkManager> <1a761aaf9ceb> <PROD1> <Timer-2> <<WLS Kernel>> <> <151e5212-5b6f-4c58-a8bf-47ea83bd8f85-00000002> <1598652044813> <[severity-value: 64] [rid: 0] [partition-id: 0] [partition-name: DOMAIN] > <BEA-002959> <Self-tuning thread pool contains 1 running threads, 1 idle threads, and 11 standby threads> 
####<Aug 28, 2020 10:02:44,880 PM GMT> <Info> <WorkManager> <1a761aaf9ceb> <PROD1> <Timer-2> <<WLS Kernel>> <> <151e5212-5b6f-4c58-a8bf-47ea83bd8f85-00000002> <1598652164880> <[severity-value: 64] [rid: 0] [partition-id: 0] [partition-name: DOMAIN] > <BEA-002959> <Self-tuning thread pool contains 1 running threads, 1 idle threads, and 11 standby threads> 
####<Aug 28, 2020 10:04:44,909 PM GMT> <Info> <WorkManager> <1a761aaf9ceb> <PROD1> <Timer-2> <<WLS Kernel>> <> <151e5212-5b6f-4c58-a8bf-47ea83bd8f85-00000002> <1598652284909> <[severity-value: 64] [rid: 0] [partition-id: 0] [partition-name: DOMAIN] > <BEA-002959> <Self-tuning thread pool contains 1 running threads, 1 idle threads, and 11 standby threads> 
####<Aug 28, 2020 10:06:44,940 PM GMT> <Info> <WorkManager> <1a761aaf9ceb> <PROD1> <Timer-2> <<WLS Kernel>> <> <151e5212-5b6f-4c58-a8bf-47ea83bd8f85-00000002> <1598652404940> <[severity-value: 64] [rid: 0] [partition-id: 0] [partition-name: DOMAIN] > <BEA-002959> <Self-tuning thread pool contains 1 running threads, 1 idle threads, and 11 standby threads> 
####<Aug 28, 2020 10:08:44,997 PM GMT> <Info> <WorkManager> <1a761aaf9ceb> <PROD1> <Timer-2> <<WLS Kernel>> <> <151e5212-5b6f-4c58-a8bf-47ea83bd8f85-00000002> <1598652524997> <[severity-value: 64] [rid: 0] [partition-id: 0] [partition-name: DOMAIN] > <BEA-002959> <Self-tuning thread pool contains 1 running threads, 1 idle threads, and 11 standby threads> 
####<Aug 28, 2020 10:10:45,031 PM GMT> <Info> <WorkManager> <1a761aaf9ceb> <PROD1> <Timer-2> <<WLS Kernel>> <> <151e5212-5b6f-4c58-a8bf-47ea83bd8f85-00000002> <1598652645031> <[severity-value: 64] [rid: 0] [partition-id: 0] [partition-name: DOMAIN] > <BEA-002959> <Self-tuning thread pool contains 1 running threads, 1 idle threads, and 11 standby threads> 
####<Aug 28, 2020 10:12:45,056 PM GMT> <Info> <WorkManager> <1a761aaf9ceb> <PROD1> <Timer-2> <<WLS Kernel>> <> <151e5212-5b6f-4c58-a8bf-47ea83bd8f85-00000002> <1598652765056> <[severity-value: 64] [rid: 0] [partition-id: 0] [partition-name: DOMAIN] > <BEA-002959> <Self-tuning thread pool contains 1 running threads, 1 idle threads, and 11 standby threads> 
####<Aug 28, 2020 10:14:45,107 PM GMT> <Info> <WorkManager> <1a761aaf9ceb> <PROD1> <Timer-2> <<WLS Kernel>> <> <151e5212-5b6f-4c58-a8bf-47ea83bd8f85-00000002> <1598652885107> <[severity-value: 64] [rid: 0] [partition-id: 0] [partition-name: DOMAIN] > <BEA-002959> <Self-tuning thread pool contains 1 running threads, 1 idle threads, and 11 standby threads> 
####<Aug 28, 2020 10:16:45,132 PM GMT> <Info> <WorkManager> <1a761aaf9ceb> <PROD1> <Timer-2> <<WLS Kernel>> <> <151e5212-5b6f-4c58-a8bf-47ea83bd8f85-00000002> <1598653005132> <[severity-value: 64] [rid: 0] [partition-id: 0] [partition-name: DOMAIN] > <BEA-002959> <Self-tuning thread pool contains 1 running threads, 1 idle threads, and 11 standby threads> 
####<Aug 28, 2020 10:18:45,158 PM GMT> <Info> <WorkManager> <1a761aaf9ceb> <PROD1> <Timer-2> <<WLS Kernel>> <> <151e5212-5b6f-4c58-a8bf-47ea83bd8f85-00000002> <1598653125158> <[severity-value: 64] [rid: 0] [partition-id: 0] [partition-name: DOMAIN] > <BEA-002959> <Self-tuning thread pool contains 1 running threads, 1 idle threads, and 11 standby threads> 
####<Aug 28, 2020 10:20:45,191 PM GMT> <Info> <WorkManager> <1a761aaf9ceb> <PROD1> <Timer-2> <<WLS Kernel>> <> <151e5212-5b6f-4c58-a8bf-47ea83bd8f85-00000002> <1598653245191> <[severity-value: 64] [rid: 0] [partition-id: 0] [partition-name: DOMAIN] > <BEA-002959> <Self-tuning thread pool contains 1 running threads, 1 idle threads, and 11 standby threads> 
####<Aug 28, 2020 10:22:45,227 PM GMT> <Info> <WorkManager> <1a761aaf9ceb> <PROD1> <Timer-2> <<WLS Kernel>> <> <151e5212-5b6f-4c58-a8bf-47ea83bd8f85-00000002> <1598653365227> <[severity-value: 64] [rid: 0] [partition-id: 0] [partition-name: DOMAIN] > <BEA-002959> <Self-tuning thread pool contains 1 running threads, 1 idle threads, and 11 standby threads> 
####<Aug 28, 2020 10:24:45,285 PM GMT> <Info> <WorkManager> <1a761aaf9ceb> <PROD1> <Timer-2> <<WLS Kernel>> <> <151e5212-5b6f-4c58-a8bf-47ea83bd8f85-00000002> <1598653485285> <[severity-value: 64] [rid: 0] [partition-id: 0] [partition-name: DOMAIN] > <BEA-002959> <Self-tuning thread pool contains 1 running threads, 1 idle threads, and 11 standby threads> 
####<Aug 28, 2020 10:26:45,311 PM GMT> <Info> <WorkManager> <1a761aaf9ceb> <PROD1> <Timer-2> <<WLS Kernel>> <> <151e5212-5b6f-4c58-a8bf-47ea83bd8f85-00000002> <1598653605311> <[severity-value: 64] [rid: 0] [partition-id: 0] [partition-name: DOMAIN] > <BEA-002959> <Self-tuning thread pool contains 1 running threads, 1 idle threads, and 11 standby threads> 
####<Aug 28, 2020 10:28:45,335 PM GMT> <Info> <WorkManager> <1a761aaf9ceb> <PROD1> <Timer-2> <<WLS Kernel>> <> <151e5212-5b6f-4c58-a8bf-47ea83bd8f85-00000002> <1598653725335> <[severity-value: 64] [rid: 0] [partition-id: 0] [partition-name: DOMAIN] > <BEA-002959> <Self-tuning thread pool contains 1 running threads, 1 idle threads, and 11 standby threads> 
####<Aug 28, 2020 10:30:45,363 PM GMT> <Info> <WorkManager> <1a761aaf9ceb> <PROD1> <Timer-2> <<WLS Kernel>> <> <151e5212-5b6f-4c58-a8bf-47ea83bd8f85-00000002> <1598653845363> <[severity-value: 64] [rid: 0] [partition-id: 0] [partition-name: DOMAIN] > <BEA-002959> <Self-tuning thread pool contains 1 running threads, 1 idle threads, and 11 standby threads> 
####<Aug 28, 2020 10:32:45,407 PM GMT> <Info> <WorkManager> <1a761aaf9ceb> <PROD1> <Timer-2> <<WLS Kernel>> <> <151e5212-5b6f-4c58-a8bf-47ea83bd8f85-00000002> <1598653965407> <[severity-value: 64] [rid: 0] [partition-id: 0] [partition-name: DOMAIN] > <BEA-002959> <Self-tuning thread pool contains 1 running threads, 1 idle threads, and 11 standby threads> 
####<Aug 28, 2020 10:34:45,449 PM GMT> <Info> <WorkManager> <1a761aaf9ceb> <PROD1> <Timer-2> <<WLS Kernel>> <> <151e5212-5b6f-4c58-a8bf-47ea83bd8f85-00000002> <1598654085449> <[severity-value: 64] [rid: 0] [partition-id: 0] [partition-name: DOMAIN] > <BEA-002959> <Self-tuning thread pool contains 1 running threads, 1 idle threads, and 11 standby threads> 
####<Aug 28, 2020 10:36:45,481 PM GMT> <Info> <WorkManager> <1a761aaf9ceb> <PROD1> <Timer-2> <<WLS Kernel>> <> <151e5212-5b6f-4c58-a8bf-47ea83bd8f85-00000002> <1598654205481> <[severity-value: 64] [rid: 0] [partition-id: 0] [partition-name: DOMAIN] > <BEA-002959> <Self-tuning thread pool contains 1 running threads, 1 idle threads, and 11 standby threads> 
####<Aug 28, 2020 10:38:45,512 PM GMT> <Info> <WorkManager> <1a761aaf9ceb> <PROD1> <Timer-2> <<WLS Kernel>> <> <151e5212-5b6f-4c58-a8bf-47ea83bd8f85-00000002> <1598654325512> <[severity-value: 64] [rid: 0] [partition-id: 0] [partition-name: DOMAIN] > <BEA-002959> <Self-tuning thread pool contains 1 running threads, 1 idle threads, and 11 standby threads> 
####<Aug 28, 2020 10:40:45,534 PM GMT> <Info> <WorkManager> <1a761aaf9ceb> <PROD1> <Timer-2> <<WLS Kernel>> <> <151e5212-5b6f-4c58-a8bf-47ea83bd8f85-00000002> <1598654445534> <[severity-value: 64] [rid: 0] [partition-id: 0] [partition-name: DOMAIN] > <BEA-002959> <Self-tuning thread pool contains 1 running threads, 1 idle threads, and 11 standby threads> 
####<Aug 28, 2020 10:42:45,576 PM GMT> <Info> <WorkManager> <1a761aaf9ceb> <PROD1> <Timer-2> <<WLS Kernel>> <> <151e5212-5b6f-4c58-a8bf-47ea83bd8f85-00000002> <1598654565576> <[severity-value: 64] [rid: 0] [partition-id: 0] [partition-name: DOMAIN] > <BEA-002959> <Self-tuning thread pool contains 1 running threads, 1 idle threads, and 11 standby threads> 
####<Aug 28, 2020 10:44:45,595 PM GMT> <Info> <WorkManager> <1a761aaf9ceb> <PROD1> <Timer-2> <<WLS Kernel>> <> <151e5212-5b6f-4c58-a8bf-47ea83bd8f85-00000002> <1598654685595> <[severity-value: 64] [rid: 0] [partition-id: 0] [partition-name: DOMAIN] > <BEA-002959> <Self-tuning thread pool contains 1 running threads, 1 idle threads, and 11 standby threads> 
####<Aug 28, 2020 10:46:45,618 PM GMT> <Info> <WorkManager> <1a761aaf9ceb> <PROD1> <Timer-2> <<WLS Kernel>> <> <151e5212-5b6f-4c58-a8bf-47ea83bd8f85-00000002> <1598654805618> <[severity-value: 64] [rid: 0] [partition-id: 0] [partition-name: DOMAIN] > <BEA-002959> <Self-tuning thread pool contains 1 running threads, 1 idle threads, and 11 standby threads> 
####<Aug 28, 2020 10:48:45,664 PM GMT> <Info> <WorkManager> <1a761aaf9ceb> <PROD1> <Timer-2> <<WLS Kernel>> <> <151e5212-5b6f-4c58-a8bf-47ea83bd8f85-00000002> <1598654925664> <[severity-value: 64] [rid: 0] [partition-id: 0] [partition-name: DOMAIN] > <BEA-002959> <Self-tuning thread pool contains 1 running threads, 1 idle threads, and 11 standby threads> 
####<Aug 28, 2020 10:50:45,693 PM GMT> <Info> <WorkManager> <1a761aaf9ceb> <PROD1> <Timer-2> <<WLS Kernel>> <> <151e5212-5b6f-4c58-a8bf-47ea83bd8f85-00000002> <1598655045693> <[severity-value: 64] [rid: 0] [partition-id: 0] [partition-name: DOMAIN] > <BEA-002959> <Self-tuning thread pool contains 1 running threads, 1 idle threads, and 11 standby threads> 
####<Aug 28, 2020 10:52:45,729 PM GMT> <Info> <WorkManager> <1a761aaf9ceb> <PROD1> <Timer-2> <<WLS Kernel>> <> <151e5212-5b6f-4c58-a8bf-47ea83bd8f85-00000002> <1598655165729> <[severity-value: 64] [rid: 0] [partition-id: 0] [partition-name: DOMAIN] > <BEA-002959> <Self-tuning thread pool contains 1 running threads, 1 idle threads, and 11 standby threads> 
####<Aug 28, 2020 10:54:45,767 PM GMT> <Info> <WorkManager> <1a761aaf9ceb> <PROD1> <Timer-2> <<WLS Kernel>> <> <151e5212-5b6f-4c58-a8bf-47ea83bd8f85-00000002> <1598655285767> <[severity-value: 64] [rid: 0] [partition-id: 0] [partition-name: DOMAIN] > <BEA-002959> <Self-tuning thread pool contains 1 running threads, 1 idle threads, and 11 standby threads> 
####<Aug 28, 2020 10:56:45,791 PM GMT> <Info> <WorkManager> <1a761aaf9ceb> <PROD1> <Timer-2> <<WLS Kernel>> <> <151e5212-5b6f-4c58-a8bf-47ea83bd8f85-00000002> <1598655405791> <[severity-value: 64] [rid: 0] [partition-id: 0] [partition-name: DOMAIN] > <BEA-002959> <Self-tuning thread pool contains 1 running threads, 1 idle threads, and 11 standby threads> 
####<Aug 28, 2020 10:58:45,820 PM GMT> <Info> <WorkManager> <1a761aaf9ceb> <PROD1> <Timer-2> <<WLS Kernel>> <> <151e5212-5b6f-4c58-a8bf-47ea83bd8f85-00000002> <1598655525820> <[severity-value: 64] [rid: 0] [partition-id: 0] [partition-name: DOMAIN] > <BEA-002959> <Self-tuning thread pool contains 1 running threads, 1 idle threads, and 11 standby threads> 
####<Aug 28, 2020 11:00:45,839 PM GMT> <Info> <WorkManager> <1a761aaf9ceb> <PROD1> <Timer-2> <<WLS Kernel>> <> <151e5212-5b6f-4c58-a8bf-47ea83bd8f85-00000002> <1598655645839> <[severity-value: 64] [rid: 0] [partition-id: 0] [partition-name: DOMAIN] > <BEA-002959> <Self-tuning thread pool contains 1 running threads, 1 idle threads, and 11 standby threads> 
####<Aug 28, 2020 11:02:45,895 PM GMT> <Info> <WorkManager> <1a761aaf9ceb> <PROD1> <Timer-2> <<WLS Kernel>> <> <151e5212-5b6f-4c58-a8bf-47ea83bd8f85-00000002> <1598655765895> <[severity-value: 64] [rid: 0] [partition-id: 0] [partition-name: DOMAIN] > <BEA-002959> <Self-tuning thread pool contains 1 running threads, 1 idle threads, and 11 standby threads> 
####<Aug 28, 2020 11:04:45,919 PM GMT> <Info> <WorkManager> <1a761aaf9ceb> <PROD1> <Timer-2> <<WLS Kernel>> <> <151e5212-5b6f-4c58-a8bf-47ea83bd8f85-00000002> <1598655885919> <[severity-value: 64] [rid: 0] [partition-id: 0] [partition-name: DOMAIN] > <BEA-002959> <Self-tuning thread pool contains 1 running threads, 1 idle threads, and 11 standby threads> 
####<Aug 28, 2020 11:06:45,979 PM GMT> <Info> <WorkManager> <1a761aaf9ceb> <PROD1> <Timer-2> <<WLS Kernel>> <> <151e5212-5b6f-4c58-a8bf-47ea83bd8f85-00000002> <1598656005979> <[severity-value: 64] [rid: 0] [partition-id: 0] [partition-name: DOMAIN] > <BEA-002959> <Self-tuning thread pool contains 1 running threads, 1 idle threads, and 11 standby threads> 
####<Aug 28, 2020 11:08:46,010 PM GMT> <Info> <WorkManager> <1a761aaf9ceb> <PROD1> <Timer-2> <<WLS Kernel>> <> <151e5212-5b6f-4c58-a8bf-47ea83bd8f85-00000002> <1598656126010> <[severity-value: 64] [rid: 0] [partition-id: 0] [partition-name: DOMAIN] > <BEA-002959> <Self-tuning thread pool contains 1 running threads, 1 idle threads, and 11 standby threads> 
####<Aug 28, 2020 11:10:46,072 PM GMT> <Info> <WorkManager> <1a761aaf9ceb> <PROD1> <Timer-2> <<WLS Kernel>> <> <151e5212-5b6f-4c58-a8bf-47ea83bd8f85-00000002> <1598656246072> <[severity-value: 64] [rid: 0] [partition-id: 0] [partition-name: DOMAIN] > <BEA-002959> <Self-tuning thread pool contains 1 running threads, 1 idle threads, and 11 standby threads> 
####<Aug 28, 2020 11:12:46,111 PM GMT> <Info> <WorkManager> <1a761aaf9ceb> <PROD1> <Timer-2> <<WLS Kernel>> <> <151e5212-5b6f-4c58-a8bf-47ea83bd8f85-00000002> <1598656366111> <[severity-value: 64] [rid: 0] [partition-id: 0] [partition-name: DOMAIN] > <BEA-002959> <Self-tuning thread pool contains 1 running threads, 1 idle threads, and 11 standby threads> 
####<Aug 28, 2020 11:14:46,132 PM GMT> <Info> <WorkManager> <1a761aaf9ceb> <PROD1> <Timer-2> <<WLS Kernel>> <> <151e5212-5b6f-4c58-a8bf-47ea83bd8f85-00000002> <1598656486132> <[severity-value: 64] [rid: 0] [partition-id: 0] [partition-name: DOMAIN] > <BEA-002959> <Self-tuning thread pool contains 1 running threads, 1 idle threads, and 11 standby threads> 
####<Aug 28, 2020 11:16:46,156 PM GMT> <Info> <WorkManager> <1a761aaf9ceb> <PROD1> <Timer-2> <<WLS Kernel>> <> <151e5212-5b6f-4c58-a8bf-47ea83bd8f85-00000002> <1598656606156> <[severity-value: 64] [rid: 0] [partition-id: 0] [partition-name: DOMAIN] > <BEA-002959> <Self-tuning thread pool contains 1 running threads, 1 idle threads, and 11 standby threads> 
####<Aug 28, 2020 11:18:46,188 PM GMT> <Info> <WorkManager> <1a761aaf9ceb> <PROD1> <Timer-2> <<WLS Kernel>> <> <151e5212-5b6f-4c58-a8bf-47ea83bd8f85-00000002> <1598656726188> <[severity-value: 64] [rid: 0] [partition-id: 0] [partition-name: DOMAIN] > <BEA-002959> <Self-tuning thread pool contains 1 running threads, 1 idle threads, and 11 standby threads> 
####<Aug 28, 2020 11:20:46,231 PM GMT> <Info> <WorkManager> <1a761aaf9ceb> <PROD1> <Timer-2> <<WLS Kernel>> <> <151e5212-5b6f-4c58-a8bf-47ea83bd8f85-00000002> <1598656846231> <[severity-value: 64] [rid: 0] [partition-id: 0] [partition-name: DOMAIN] > <BEA-002959> <Self-tuning thread pool contains 1 running threads, 1 idle threads, and 11 standby threads> 
####<Aug 28, 2020 11:22:46,286 PM GMT> <Info> <WorkManager> <1a761aaf9ceb> <PROD1> <Timer-2> <<WLS Kernel>> <> <151e5212-5b6f-4c58-a8bf-47ea83bd8f85-00000002> <1598656966286> <[severity-value: 64] [rid: 0] [partition-id: 0] [partition-name: DOMAIN] > <BEA-002959> <Self-tuning thread pool contains 1 running threads, 1 idle threads, and 11 standby threads> 
####<Aug 28, 2020 11:24:46,330 PM GMT> <Info> <WorkManager> <1a761aaf9ceb> <PROD1> <Timer-2> <<WLS Kernel>> <> <151e5212-5b6f-4c58-a8bf-47ea83bd8f85-00000002> <1598657086330> <[severity-value: 64] [rid: 0] [partition-id: 0] [partition-name: DOMAIN] > <BEA-002959> <Self-tuning thread pool contains 1 running threads, 1 idle threads, and 11 standby threads> 
####<Aug 28, 2020 11:26:46,343 PM GMT> <Info> <WorkManager> <1a761aaf9ceb> <PROD1> <Timer-2> <<WLS Kernel>> <> <151e5212-5b6f-4c58-a8bf-47ea83bd8f85-00000002> <1598657206343> <[severity-value: 64] [rid: 0] [partition-id: 0] [partition-name: DOMAIN] > <BEA-002959> <Self-tuning thread pool contains 1 running threads, 1 idle threads, and 11 standby threads> 
